<?xml version="1.0" encoding="UTF-8"?>
<testsuites name="Data-Driven Tests Suite" time="383" tests="22" failures="1" errors="0">
   <testsuite name="Data-Driven Tests Suite" tests="22" failures="1" errors="0" time="383" timestamp="2018-05-09 11:54:45" hostname="snailwalker - 192.168.0.101" id="Test Suites/Data-Driven Tests Suite">
      <properties>
         <property name="deviceName" value=""/>
         <property name="devicePlatform" value=""/>
         <property name="logFolder" value="/Users/snailwalker/Documents/workspace/backend/katalon/Reports/Data-Driven Tests Suite/20180509_115443"/>
         <property name="logFiles" value="/Users/snailwalker/Documents/workspace/backend/katalon/Reports/Data-Driven Tests Suite/20180509_115443/execution0.log"/>
         <property name="attachments" value="/Users/snailwalker/Documents/workspace/backend/katalon/Reports/Data-Driven Tests Suite/20180509_115443/1525841860627.png, /Users/snailwalker/Documents/workspace/backend/katalon/Reports/Data-Driven Tests Suite/20180509_115443/1525841861166.png"/>
         <property name="hostName" value="snailwalker - 192.168.0.101"/>
         <property name="os" value="Mac OS X 64bit"/>
         <property name="katalonVersion" value="5.4.1.1"/>
         <property name="browser" value="Chrome 66.0.3359.139"/>
         <property name="hostAddress" value="192.168.0.101"/>
         <property name="sessionId" value="c4a53e2b30d25721028079fb282744a2"/>
         <property name="seleniumVersion" value="3.7.1"/>
         <property name="proxyInformation" value="ProxyInformation{proxyOption=NO_PROXY, proxyServerType=HTTP, password=, proxyServerAddress=, proxyServerPort=0}"/>
         <property name="platform" value="Mac OS X"/>
      </properties>
      <testcase name="Test Cases/User Login" classname="Test Cases/User Login" status="PASSED">
         <system-out><![CDATA[2018-05-09 11:54:46 - [TEST_CASE][PASSED] - Test Cases/User Login: Test Cases/User Login

2018-05-09 11:54:46 - [TEST_STEP][PASSED] - openBrowser: Browser is opened with url: ''

2018-05-09 11:54:49 - [MESSAGE][PASSED] - Browser is opened with url: ''

2018-05-09 11:54:49 - [TEST_STEP][PASSED] - navigateToUrl: Navigate to 'http://34.209.48.20:9089/' successfully

2018-05-09 11:55:01 - [MESSAGE][PASSED] - Navigate to 'http://34.209.48.20:9089/' successfully

2018-05-09 11:55:01 - [TEST_STEP][PASSED] - verifyElementPresent: Object 'Object Repository/Front Page Objects/header' is present

2018-05-09 11:55:01 - [MESSAGE][WARNING] - Timeout '0' is invalid. Using default page load timeout: '30'

2018-05-09 11:55:01 - [MESSAGE][PASSED] - Object 'Object Repository/Front Page Objects/header' is present

2018-05-09 11:55:01 - [TEST_STEP][PASSED] - verifyElementPresent: Object 'Object Repository/Front Page Objects/p_header_description' is present

2018-05-09 11:55:01 - [MESSAGE][WARNING] - Timeout '0' is invalid. Using default page load timeout: '30'

2018-05-09 11:55:01 - [MESSAGE][PASSED] - Object 'Object Repository/Front Page Objects/p_header_description' is present

2018-05-09 11:55:01 - [TEST_STEP][PASSED] - verifyElementPresent: Object 'Object Repository/Front Page Objects/h2_Login' is present

2018-05-09 11:55:01 - [MESSAGE][WARNING] - Timeout '0' is invalid. Using default page load timeout: '30'

2018-05-09 11:55:01 - [MESSAGE][PASSED] - Object 'Object Repository/Front Page Objects/h2_Login' is present

2018-05-09 11:55:01 - [TEST_STEP][PASSED] - verifyElementPresent: Object 'Object Repository/Login Objects /label_Username' is present

2018-05-09 11:55:01 - [MESSAGE][WARNING] - Timeout '0' is invalid. Using default page load timeout: '30'

2018-05-09 11:55:01 - [MESSAGE][PASSED] - Object 'Object Repository/Login Objects /label_Username' is present

2018-05-09 11:55:01 - [TEST_STEP][PASSED] - verifyElementPresent: Object 'Object Repository/Login Objects /label_Password' is present

2018-05-09 11:55:01 - [MESSAGE][WARNING] - Timeout '0' is invalid. Using default page load timeout: '30'

2018-05-09 11:55:01 - [MESSAGE][PASSED] - Object 'Object Repository/Login Objects /label_Password' is present

2018-05-09 11:55:01 - [TEST_STEP][PASSED] - verifyElementPresent: Object 'Object Repository/Login Objects /div_Login' is present

2018-05-09 11:55:01 - [MESSAGE][WARNING] - Timeout '0' is invalid. Using default page load timeout: '30'

2018-05-09 11:55:01 - [MESSAGE][PASSED] - Object 'Object Repository/Login Objects /div_Login' is present

2018-05-09 11:55:01 - [TEST_STEP][PASSED] - setText: Text 'user' is set on object 'Object Repository/Login Objects /input_username'

2018-05-09 11:55:01 - [MESSAGE][PASSED] - Text 'user' is set on object 'Object Repository/Login Objects /input_username'

2018-05-09 11:55:01 - [TEST_STEP][PASSED] - setText: Text 'user' is set on object 'Object Repository/Login Objects /input_password'

2018-05-09 11:55:02 - [MESSAGE][PASSED] - Text 'user' is set on object 'Object Repository/Login Objects /input_password'

2018-05-09 11:55:02 - [TEST_STEP][PASSED] - click: Object: 'Object Repository/Login Objects /button_Login' is clicked on

2018-05-09 11:55:02 - [MESSAGE][PASSED] - Object: 'Object Repository/Login Objects /button_Login' is clicked on

2018-05-09 11:55:02 - [TEST_STEP][PASSED] - verifyElementPresent: Object 'Object Repository/Front Page Objects/header' is present

2018-05-09 11:55:02 - [MESSAGE][WARNING] - Timeout '0' is invalid. Using default page load timeout: '30'

2018-05-09 11:55:02 - [MESSAGE][PASSED] - Object 'Object Repository/Front Page Objects/header' is present

2018-05-09 11:55:02 - [TEST_STEP][PASSED] - verifyElementPresent: Object 'Object Repository/Front Page Objects/p_header_description' is present

2018-05-09 11:55:02 - [MESSAGE][WARNING] - Timeout '0' is invalid. Using default page load timeout: '30'

2018-05-09 11:55:02 - [MESSAGE][PASSED] - Object 'Object Repository/Front Page Objects/p_header_description' is present

2018-05-09 11:55:02 - [TEST_STEP][PASSED] - verifyElementPresent: Object 'Object Repository/Front Page Objects/div_add to cart' is present

2018-05-09 11:55:02 - [MESSAGE][WARNING] - Timeout '0' is invalid. Using default page load timeout: '30'

2018-05-09 11:55:03 - [MESSAGE][PASSED] - Object 'Object Repository/Front Page Objects/div_add to cart' is present

2018-05-09 11:55:03 - [TEST_STEP][PASSED] - click: Object: 'Object Repository/Front Page Objects/button_Carts' is clicked on

2018-05-09 11:55:03 - [MESSAGE][PASSED] - Object: 'Object Repository/Front Page Objects/button_Carts' is clicked on

2018-05-09 11:55:03 - [TEST_STEP][PASSED] - verifyElementPresent: Object 'Object Repository/Front Page Objects/User_Shopping Cart_header' is present

2018-05-09 11:55:03 - [MESSAGE][WARNING] - Timeout '0' is invalid. Using default page load timeout: '30'

2018-05-09 11:55:03 - [MESSAGE][PASSED] - Object 'Object Repository/Front Page Objects/User_Shopping Cart_header' is present

2018-05-09 11:55:03 - [TEST_STEP][PASSED] - verifyElementPresent: Object 'Object Repository/Front Page Objects/th_Product Name' is present

2018-05-09 11:55:03 - [MESSAGE][WARNING] - Timeout '0' is invalid. Using default page load timeout: '30'

2018-05-09 11:55:04 - [MESSAGE][PASSED] - Object 'Object Repository/Front Page Objects/th_Product Name' is present

2018-05-09 11:55:04 - [TEST_STEP][PASSED] - verifyElementPresent: Object 'Object Repository/Front Page Objects/th_Price' is present

2018-05-09 11:55:04 - [MESSAGE][WARNING] - Timeout '0' is invalid. Using default page load timeout: '30'

2018-05-09 11:55:04 - [MESSAGE][PASSED] - Object 'Object Repository/Front Page Objects/th_Price' is present

2018-05-09 11:55:04 - [TEST_STEP][PASSED] - verifyElementPresent: Object 'Object Repository/Front Page Objects/th_amount' is present

2018-05-09 11:55:04 - [MESSAGE][WARNING] - Timeout '0' is invalid. Using default page load timeout: '30'

2018-05-09 11:55:04 - [MESSAGE][PASSED] - Object 'Object Repository/Front Page Objects/th_amount' is present

2018-05-09 11:55:04 - [TEST_STEP][PASSED] - verifyElementPresent: Object 'Object Repository/Product Objects/p_Total price  0 THB' is present

2018-05-09 11:55:04 - [MESSAGE][WARNING] - Timeout '0' is invalid. Using default page load timeout: '30'

2018-05-09 11:55:04 - [MESSAGE][PASSED] - Object 'Object Repository/Product Objects/p_Total price  0 THB' is present

2018-05-09 11:55:04 - [TEST_STEP][PASSED] - verifyElementPresent: Object 'Object Repository/Login Objects /div_confirm' is present

2018-05-09 11:55:04 - [MESSAGE][WARNING] - Timeout '0' is invalid. Using default page load timeout: '30'

2018-05-09 11:55:04 - [MESSAGE][PASSED] - Object 'Object Repository/Login Objects /div_confirm' is present

2018-05-09 11:55:04 - [TEST_STEP][PASSED] - closeBrowser: Browser is closed

2018-05-09 11:55:04 - [MESSAGE][PASSED] - Browser is closed]]></system-out>
         <system-err><![CDATA[]]></system-err>
      </testcase>
      <testcase name="Test Cases/User Login" classname="Test Cases/User Login" status="PASSED">
         <system-out><![CDATA[2018-05-09 11:55:04 - [TEST_CASE][PASSED] - Test Cases/User Login: Test Cases/User Login

2018-05-09 11:55:04 - [TEST_STEP][PASSED] - openBrowser: Browser is opened with url: ''

2018-05-09 11:55:05 - [MESSAGE][PASSED] - Browser is opened with url: ''

2018-05-09 11:55:05 - [TEST_STEP][PASSED] - navigateToUrl: Navigate to 'http://34.209.48.20:9089/' successfully

2018-05-09 11:55:18 - [MESSAGE][PASSED] - Navigate to 'http://34.209.48.20:9089/' successfully

2018-05-09 11:55:18 - [TEST_STEP][PASSED] - verifyElementPresent: Object 'Object Repository/Front Page Objects/header' is present

2018-05-09 11:55:18 - [MESSAGE][WARNING] - Timeout '0' is invalid. Using default page load timeout: '30'

2018-05-09 11:55:18 - [MESSAGE][PASSED] - Object 'Object Repository/Front Page Objects/header' is present

2018-05-09 11:55:18 - [TEST_STEP][PASSED] - verifyElementPresent: Object 'Object Repository/Front Page Objects/p_header_description' is present

2018-05-09 11:55:18 - [MESSAGE][WARNING] - Timeout '0' is invalid. Using default page load timeout: '30'

2018-05-09 11:55:18 - [MESSAGE][PASSED] - Object 'Object Repository/Front Page Objects/p_header_description' is present

2018-05-09 11:55:18 - [TEST_STEP][PASSED] - verifyElementPresent: Object 'Object Repository/Front Page Objects/h2_Login' is present

2018-05-09 11:55:18 - [MESSAGE][WARNING] - Timeout '0' is invalid. Using default page load timeout: '30'

2018-05-09 11:55:18 - [MESSAGE][PASSED] - Object 'Object Repository/Front Page Objects/h2_Login' is present

2018-05-09 11:55:18 - [TEST_STEP][PASSED] - verifyElementPresent: Object 'Object Repository/Login Objects /label_Username' is present

2018-05-09 11:55:18 - [MESSAGE][WARNING] - Timeout '0' is invalid. Using default page load timeout: '30'

2018-05-09 11:55:18 - [MESSAGE][PASSED] - Object 'Object Repository/Login Objects /label_Username' is present

2018-05-09 11:55:18 - [TEST_STEP][PASSED] - verifyElementPresent: Object 'Object Repository/Login Objects /label_Password' is present

2018-05-09 11:55:18 - [MESSAGE][WARNING] - Timeout '0' is invalid. Using default page load timeout: '30'

2018-05-09 11:55:18 - [MESSAGE][PASSED] - Object 'Object Repository/Login Objects /label_Password' is present

2018-05-09 11:55:18 - [TEST_STEP][PASSED] - verifyElementPresent: Object 'Object Repository/Login Objects /div_Login' is present

2018-05-09 11:55:18 - [MESSAGE][WARNING] - Timeout '0' is invalid. Using default page load timeout: '30'

2018-05-09 11:55:18 - [MESSAGE][PASSED] - Object 'Object Repository/Login Objects /div_Login' is present

2018-05-09 11:55:18 - [TEST_STEP][PASSED] - setText: Text 'hello' is set on object 'Object Repository/Login Objects /input_username'

2018-05-09 11:55:18 - [MESSAGE][PASSED] - Text 'hello' is set on object 'Object Repository/Login Objects /input_username'

2018-05-09 11:55:18 - [TEST_STEP][PASSED] - setText: Text 'hello' is set on object 'Object Repository/Login Objects /input_password'

2018-05-09 11:55:19 - [MESSAGE][PASSED] - Text 'hello' is set on object 'Object Repository/Login Objects /input_password'

2018-05-09 11:55:19 - [TEST_STEP][PASSED] - click: Object: 'Object Repository/Login Objects /button_Login' is clicked on

2018-05-09 11:55:19 - [MESSAGE][PASSED] - Object: 'Object Repository/Login Objects /button_Login' is clicked on

2018-05-09 11:55:19 - [TEST_STEP][PASSED] - verifyElementPresent: Object 'Object Repository/Front Page Objects/header' is present

2018-05-09 11:55:19 - [MESSAGE][WARNING] - Timeout '0' is invalid. Using default page load timeout: '30'

2018-05-09 11:55:19 - [MESSAGE][PASSED] - Object 'Object Repository/Front Page Objects/header' is present

2018-05-09 11:55:19 - [TEST_STEP][PASSED] - verifyElementPresent: Object 'Object Repository/Front Page Objects/p_header_description' is present

2018-05-09 11:55:19 - [MESSAGE][WARNING] - Timeout '0' is invalid. Using default page load timeout: '30'

2018-05-09 11:55:19 - [MESSAGE][PASSED] - Object 'Object Repository/Front Page Objects/p_header_description' is present

2018-05-09 11:55:19 - [TEST_STEP][PASSED] - verifyElementPresent: Object 'Object Repository/Front Page Objects/div_add to cart' is present

2018-05-09 11:55:19 - [MESSAGE][WARNING] - Timeout '0' is invalid. Using default page load timeout: '30'

2018-05-09 11:55:20 - [MESSAGE][PASSED] - Object 'Object Repository/Front Page Objects/div_add to cart' is present

2018-05-09 11:55:20 - [TEST_STEP][PASSED] - click: Object: 'Object Repository/Front Page Objects/button_Carts' is clicked on

2018-05-09 11:55:20 - [MESSAGE][PASSED] - Object: 'Object Repository/Front Page Objects/button_Carts' is clicked on

2018-05-09 11:55:20 - [TEST_STEP][PASSED] - verifyElementPresent: Object 'Object Repository/Front Page Objects/User_Shopping Cart_header' is present

2018-05-09 11:55:20 - [MESSAGE][WARNING] - Timeout '0' is invalid. Using default page load timeout: '30'

2018-05-09 11:55:20 - [MESSAGE][PASSED] - Object 'Object Repository/Front Page Objects/User_Shopping Cart_header' is present

2018-05-09 11:55:20 - [TEST_STEP][PASSED] - verifyElementPresent: Object 'Object Repository/Front Page Objects/th_Product Name' is present

2018-05-09 11:55:20 - [MESSAGE][WARNING] - Timeout '0' is invalid. Using default page load timeout: '30'

2018-05-09 11:55:20 - [MESSAGE][PASSED] - Object 'Object Repository/Front Page Objects/th_Product Name' is present

2018-05-09 11:55:20 - [TEST_STEP][PASSED] - verifyElementPresent: Object 'Object Repository/Front Page Objects/th_Price' is present

2018-05-09 11:55:20 - [MESSAGE][WARNING] - Timeout '0' is invalid. Using default page load timeout: '30'

2018-05-09 11:55:21 - [MESSAGE][PASSED] - Object 'Object Repository/Front Page Objects/th_Price' is present

2018-05-09 11:55:21 - [TEST_STEP][PASSED] - verifyElementPresent: Object 'Object Repository/Front Page Objects/th_amount' is present

2018-05-09 11:55:21 - [MESSAGE][WARNING] - Timeout '0' is invalid. Using default page load timeout: '30'

2018-05-09 11:55:21 - [MESSAGE][PASSED] - Object 'Object Repository/Front Page Objects/th_amount' is present

2018-05-09 11:55:21 - [TEST_STEP][PASSED] - verifyElementPresent: Object 'Object Repository/Product Objects/p_Total price  0 THB' is present

2018-05-09 11:55:21 - [MESSAGE][WARNING] - Timeout '0' is invalid. Using default page load timeout: '30'

2018-05-09 11:55:21 - [MESSAGE][PASSED] - Object 'Object Repository/Product Objects/p_Total price  0 THB' is present

2018-05-09 11:55:21 - [TEST_STEP][PASSED] - verifyElementPresent: Object 'Object Repository/Login Objects /div_confirm' is present

2018-05-09 11:55:21 - [MESSAGE][WARNING] - Timeout '0' is invalid. Using default page load timeout: '30'

2018-05-09 11:55:21 - [MESSAGE][PASSED] - Object 'Object Repository/Login Objects /div_confirm' is present

2018-05-09 11:55:21 - [TEST_STEP][PASSED] - closeBrowser: Browser is closed

2018-05-09 11:55:21 - [MESSAGE][PASSED] - Browser is closed]]></system-out>
         <system-err><![CDATA[]]></system-err>
      </testcase>
      <testcase name="Test Cases/Admin login " classname="Test Cases/Admin login " status="PASSED">
         <system-out><![CDATA[2018-05-09 11:55:21 - [TEST_CASE][PASSED] - Test Cases/Admin login : Test Cases/Admin login 

2018-05-09 11:55:21 - [TEST_STEP][PASSED] - openBrowser: Browser is opened with url: ''

2018-05-09 11:55:22 - [MESSAGE][PASSED] - Browser is opened with url: ''

2018-05-09 11:55:22 - [TEST_STEP][PASSED] - navigateToUrl: Navigate to 'http://34.209.48.20:9089/' successfully

2018-05-09 11:55:29 - [MESSAGE][PASSED] - Navigate to 'http://34.209.48.20:9089/' successfully

2018-05-09 11:55:29 - [TEST_STEP][PASSED] - verifyElementPresent: Object 'Object Repository/Front Page Objects/header' is present

2018-05-09 11:55:29 - [MESSAGE][WARNING] - Timeout '0' is invalid. Using default page load timeout: '30'

2018-05-09 11:55:29 - [MESSAGE][PASSED] - Object 'Object Repository/Front Page Objects/header' is present

2018-05-09 11:55:29 - [TEST_STEP][PASSED] - verifyElementPresent: Object 'Object Repository/Front Page Objects/p_header_description' is present

2018-05-09 11:55:29 - [MESSAGE][WARNING] - Timeout '0' is invalid. Using default page load timeout: '30'

2018-05-09 11:55:29 - [MESSAGE][PASSED] - Object 'Object Repository/Front Page Objects/p_header_description' is present

2018-05-09 11:55:29 - [TEST_STEP][PASSED] - verifyElementPresent: Object 'Object Repository/Front Page Objects/h2_Login' is present

2018-05-09 11:55:29 - [MESSAGE][WARNING] - Timeout '0' is invalid. Using default page load timeout: '30'

2018-05-09 11:55:29 - [MESSAGE][PASSED] - Object 'Object Repository/Front Page Objects/h2_Login' is present

2018-05-09 11:55:29 - [TEST_STEP][PASSED] - verifyElementPresent: Object 'Object Repository/Login Objects /div_Username' is present

2018-05-09 11:55:29 - [MESSAGE][WARNING] - Timeout '0' is invalid. Using default page load timeout: '30'

2018-05-09 11:55:29 - [MESSAGE][PASSED] - Object 'Object Repository/Login Objects /div_Username' is present

2018-05-09 11:55:29 - [TEST_STEP][PASSED] - verifyElementPresent: Object 'Object Repository/Login Objects /div_Password' is present

2018-05-09 11:55:29 - [MESSAGE][WARNING] - Timeout '0' is invalid. Using default page load timeout: '30'

2018-05-09 11:55:29 - [MESSAGE][PASSED] - Object 'Object Repository/Login Objects /div_Password' is present

2018-05-09 11:55:29 - [TEST_STEP][PASSED] - verifyElementPresent: Object 'Object Repository/Login Objects /div_Login' is present

2018-05-09 11:55:29 - [MESSAGE][WARNING] - Timeout '0' is invalid. Using default page load timeout: '30'

2018-05-09 11:55:29 - [MESSAGE][PASSED] - Object 'Object Repository/Login Objects /div_Login' is present

2018-05-09 11:55:29 - [TEST_STEP][PASSED] - setText: Text 'admin' is set on object 'Object Repository/Login Objects /input_username'

2018-05-09 11:55:29 - [MESSAGE][PASSED] - Text 'admin' is set on object 'Object Repository/Login Objects /input_username'

2018-05-09 11:55:29 - [TEST_STEP][PASSED] - setText: Text 'admin' is set on object 'Object Repository/Login Objects /input_password'

2018-05-09 11:55:29 - [MESSAGE][PASSED] - Text 'admin' is set on object 'Object Repository/Login Objects /input_password'

2018-05-09 11:55:29 - [TEST_STEP][PASSED] - click: Object: 'Object Repository/Login Objects /button_Login' is clicked on

2018-05-09 11:55:29 - [MESSAGE][PASSED] - Object: 'Object Repository/Login Objects /button_Login' is clicked on

2018-05-09 11:55:29 - [TEST_STEP][PASSED] - verifyElementPresent: Object 'Object Repository/Front Page Objects/div_Products' is present

2018-05-09 11:55:29 - [MESSAGE][WARNING] - Timeout '0' is invalid. Using default page load timeout: '30'

2018-05-09 11:55:31 - [MESSAGE][PASSED] - Object 'Object Repository/Front Page Objects/div_Products' is present

2018-05-09 11:55:31 - [TEST_STEP][PASSED] - click: Object: 'Object Repository/Front Page Objects/a_Total Transaction' is clicked on

2018-05-09 11:55:31 - [MESSAGE][PASSED] - Object: 'Object Repository/Front Page Objects/a_Total Transaction' is clicked on

2018-05-09 11:55:31 - [TEST_STEP][PASSED] - verifyElementPresent: Object 'Object Repository/Front Page Objects/div_Transaction List' is present

2018-05-09 11:55:31 - [MESSAGE][WARNING] - Timeout '0' is invalid. Using default page load timeout: '30'

2018-05-09 11:55:31 - [MESSAGE][PASSED] - Object 'Object Repository/Front Page Objects/div_Transaction List' is present

2018-05-09 11:55:31 - [TEST_STEP][PASSED] - closeBrowser: Browser is closed

2018-05-09 11:55:31 - [MESSAGE][PASSED] - Browser is closed]]></system-out>
         <system-err><![CDATA[]]></system-err>
      </testcase>
      <testcase name="Test Cases/Available products -scripted " classname="Test Cases/Available products -scripted " status="PASSED">
         <system-out><![CDATA[2018-05-09 11:55:31 - [TEST_CASE][PASSED] - Test Cases/Available products -scripted : Test Cases/Available products -scripted 

2018-05-09 11:55:31 - [TEST_STEP][PASSED] - Statement - data = com.kms.katalon.core.testdata.TestDataFactory.findTestData("Data Files/data.product"): Reading excel file with source file '/Users/snailwalker/Documents/workspace/backend/katalon/Data Files/data.xlsx' and sheet name 'product'

2018-05-09 11:55:32 - [TEST_STEP][PASSED] - openBrowser: Browser is opened with url: ''

2018-05-09 11:55:33 - [MESSAGE][PASSED] - Browser is opened with url: ''

2018-05-09 11:55:33 - [TEST_STEP][PASSED] - navigateToUrl: Navigate to 'http://34.209.48.20:9089/' successfully

2018-05-09 11:55:43 - [MESSAGE][PASSED] - Navigate to 'http://34.209.48.20:9089/' successfully

2018-05-09 11:55:43 - [TEST_STEP][PASSED] - verifyElementPresent: Object 'Object Repository/Front Page Objects/header' is present

2018-05-09 11:55:43 - [MESSAGE][WARNING] - Timeout '0' is invalid. Using default page load timeout: '30'

2018-05-09 11:55:43 - [MESSAGE][PASSED] - Object 'Object Repository/Front Page Objects/header' is present

2018-05-09 11:55:43 - [TEST_STEP][PASSED] - verifyElementPresent: Object 'Object Repository/Front Page Objects/p_header_description' is present

2018-05-09 11:55:43 - [MESSAGE][WARNING] - Timeout '0' is invalid. Using default page load timeout: '30'

2018-05-09 11:55:43 - [MESSAGE][PASSED] - Object 'Object Repository/Front Page Objects/p_header_description' is present

2018-05-09 11:55:43 - [TEST_STEP][PASSED] - verifyElementPresent: Object 'Object Repository/Front Page Objects/h2_Login' is present

2018-05-09 11:55:43 - [MESSAGE][WARNING] - Timeout '0' is invalid. Using default page load timeout: '30'

2018-05-09 11:55:43 - [MESSAGE][PASSED] - Object 'Object Repository/Front Page Objects/h2_Login' is present

2018-05-09 11:55:43 - [TEST_STEP][PASSED] - verifyElementPresent: Object 'Object Repository/Login Objects /label_Username' is present

2018-05-09 11:55:43 - [MESSAGE][WARNING] - Timeout '0' is invalid. Using default page load timeout: '30'

2018-05-09 11:55:43 - [MESSAGE][PASSED] - Object 'Object Repository/Login Objects /label_Username' is present

2018-05-09 11:55:43 - [TEST_STEP][PASSED] - verifyElementPresent: Object 'Object Repository/Login Objects /label_Password' is present

2018-05-09 11:55:43 - [MESSAGE][WARNING] - Timeout '0' is invalid. Using default page load timeout: '30'

2018-05-09 11:55:43 - [MESSAGE][PASSED] - Object 'Object Repository/Login Objects /label_Password' is present

2018-05-09 11:55:43 - [TEST_STEP][PASSED] - click: Object: 'Object Repository/Front Page Objects/h2_Login' is clicked on

2018-05-09 11:55:43 - [MESSAGE][PASSED] - Object: 'Object Repository/Front Page Objects/h2_Login' is clicked on

2018-05-09 11:55:43 - [TEST_STEP][PASSED] - setText: Text 'user' is set on object 'Object Repository/Login Objects /input_username'

2018-05-09 11:55:43 - [MESSAGE][PASSED] - Text 'user' is set on object 'Object Repository/Login Objects /input_username'

2018-05-09 11:55:43 - [TEST_STEP][PASSED] - setText: Text 'user' is set on object 'Object Repository/Login Objects /input_password'

2018-05-09 11:55:44 - [MESSAGE][PASSED] - Text 'user' is set on object 'Object Repository/Login Objects /input_password'

2018-05-09 11:55:44 - [TEST_STEP][PASSED] - click: Object: 'Object Repository/Login Objects /button_Login' is clicked on

2018-05-09 11:55:44 - [MESSAGE][PASSED] - Object: 'Object Repository/Login Objects /button_Login' is clicked on

2018-05-09 11:55:44 - [TEST_STEP][PASSED] - verifyElementText: Actual text and expected text of test object 'Object Repository/Product Objects/h5_Garden' are matched.

2018-05-09 11:55:45 - [MESSAGE][PASSED] - Actual text and expected text of test object 'Object Repository/Product Objects/h5_Garden' are matched.

2018-05-09 11:55:45 - [TEST_STEP][PASSED] - verifyElementText: Actual text and expected text of test object 'Object Repository/Product Objects/p_The garden which you can gro' are matched.

2018-05-09 11:55:45 - [MESSAGE][PASSED] - Actual text and expected text of test object 'Object Repository/Product Objects/p_The garden which you can gro' are matched.

2018-05-09 11:55:45 - [TEST_STEP][PASSED] - verifyElementText: Actual text and expected text of test object 'Object Repository/Product Objects/h6_Price is 20000.00 THB' are matched.

2018-05-09 11:55:45 - [MESSAGE][PASSED] - Actual text and expected text of test object 'Object Repository/Product Objects/h6_Price is 20000.00 THB' are matched.

2018-05-09 11:55:45 - [TEST_STEP][PASSED] - verifyElementText: Actual text and expected text of test object 'Object Repository/Product Objects/h5_Banana' are matched.

2018-05-09 11:55:46 - [MESSAGE][PASSED] - Actual text and expected text of test object 'Object Repository/Product Objects/h5_Banana' are matched.

2018-05-09 11:55:46 - [TEST_STEP][PASSED] - verifyElementText: Actual text and expected text of test object 'Object Repository/Product Objects/p_A good fruit with very cheap' are matched.

2018-05-09 11:55:46 - [MESSAGE][PASSED] - Actual text and expected text of test object 'Object Repository/Product Objects/p_A good fruit with very cheap' are matched.

2018-05-09 11:55:46 - [TEST_STEP][PASSED] - verifyElementText: Actual text and expected text of test object 'Object Repository/Product Objects/h6_Price is 150.00 THB' are matched.

2018-05-09 11:55:46 - [MESSAGE][PASSED] - Actual text and expected text of test object 'Object Repository/Product Objects/h6_Price is 150.00 THB' are matched.

2018-05-09 11:55:46 - [TEST_STEP][PASSED] - verifyElementText: Actual text and expected text of test object 'Object Repository/Product Objects/h5_Orange' are matched.

2018-05-09 11:55:46 - [MESSAGE][PASSED] - Actual text and expected text of test object 'Object Repository/Product Objects/h5_Orange' are matched.

2018-05-09 11:55:46 - [TEST_STEP][PASSED] - verifyElementText: Actual text and expected text of test object 'Object Repository/Product Objects/p_Nothing good about it' are matched.

2018-05-09 11:55:46 - [MESSAGE][PASSED] - Actual text and expected text of test object 'Object Repository/Product Objects/p_Nothing good about it' are matched.

2018-05-09 11:55:46 - [TEST_STEP][PASSED] - verifyElementText: Actual text and expected text of test object 'Object Repository/Product Objects/h6_Price is 280.00 THB' are matched.

2018-05-09 11:55:46 - [MESSAGE][PASSED] - Actual text and expected text of test object 'Object Repository/Product Objects/h6_Price is 280.00 THB' are matched.

2018-05-09 11:55:46 - [TEST_STEP][PASSED] - verifyElementText: Actual text and expected text of test object 'Object Repository/Product Objects/h5_Papaya' are matched.

2018-05-09 11:55:46 - [MESSAGE][PASSED] - Actual text and expected text of test object 'Object Repository/Product Objects/h5_Papaya' are matched.

2018-05-09 11:55:46 - [TEST_STEP][PASSED] - verifyElementText: Actual text and expected text of test object 'Object Repository/Product Objects/p_Use for papaya salad' are matched.

2018-05-09 11:55:46 - [MESSAGE][PASSED] - Actual text and expected text of test object 'Object Repository/Product Objects/p_Use for papaya salad' are matched.

2018-05-09 11:55:46 - [TEST_STEP][PASSED] - verifyElementText: Actual text and expected text of test object 'Object Repository/Product Objects/h6_Price is 12.00 THB' are matched.

2018-05-09 11:55:46 - [MESSAGE][PASSED] - Actual text and expected text of test object 'Object Repository/Product Objects/h6_Price is 12.00 THB' are matched.

2018-05-09 11:55:46 - [TEST_STEP][PASSED] - verifyElementText: Actual text and expected text of test object 'Object Repository/Product Objects/h5_Rambutan' are matched.

2018-05-09 11:55:46 - [MESSAGE][PASSED] - Actual text and expected text of test object 'Object Repository/Product Objects/h5_Rambutan' are matched.

2018-05-09 11:55:46 - [TEST_STEP][PASSED] - verifyElementText: Actual text and expected text of test object 'Object Repository/Product Objects/p_An expensive fruit from the' are matched.

2018-05-09 11:55:46 - [MESSAGE][PASSED] - Actual text and expected text of test object 'Object Repository/Product Objects/p_An expensive fruit from the' are matched.

2018-05-09 11:55:46 - [TEST_STEP][PASSED] - verifyElementText: Actual text and expected text of test object 'Object Repository/Product Objects/h6_Price is 20.00 THB' are matched.

2018-05-09 11:55:46 - [MESSAGE][PASSED] - Actual text and expected text of test object 'Object Repository/Product Objects/h6_Price is 20.00 THB' are matched.

2018-05-09 11:55:46 - [TEST_STEP][PASSED] - closeBrowser: Browser is closed

2018-05-09 11:55:46 - [MESSAGE][PASSED] - Browser is closed]]></system-out>
         <system-err><![CDATA[]]></system-err>
      </testcase>
      <testcase name="Test Cases/Available products -scripted " classname="Test Cases/Available products -scripted " status="PASSED">
         <system-out><![CDATA[2018-05-09 11:55:46 - [TEST_CASE][PASSED] - Test Cases/Available products -scripted : Test Cases/Available products -scripted 

2018-05-09 11:55:46 - [TEST_STEP][PASSED] - Statement - data = com.kms.katalon.core.testdata.TestDataFactory.findTestData("Data Files/data.product"): Reading excel file with source file '/Users/snailwalker/Documents/workspace/backend/katalon/Data Files/data.xlsx' and sheet name 'product'

2018-05-09 11:55:46 - [TEST_STEP][PASSED] - openBrowser: Browser is opened with url: ''

2018-05-09 11:55:48 - [MESSAGE][PASSED] - Browser is opened with url: ''

2018-05-09 11:55:48 - [TEST_STEP][PASSED] - navigateToUrl: Navigate to 'http://34.209.48.20:9089/' successfully

2018-05-09 11:55:54 - [MESSAGE][PASSED] - Navigate to 'http://34.209.48.20:9089/' successfully

2018-05-09 11:55:54 - [TEST_STEP][PASSED] - verifyElementPresent: Object 'Object Repository/Front Page Objects/header' is present

2018-05-09 11:55:54 - [MESSAGE][WARNING] - Timeout '0' is invalid. Using default page load timeout: '30'

2018-05-09 11:55:54 - [MESSAGE][PASSED] - Object 'Object Repository/Front Page Objects/header' is present

2018-05-09 11:55:54 - [TEST_STEP][PASSED] - verifyElementPresent: Object 'Object Repository/Front Page Objects/p_header_description' is present

2018-05-09 11:55:54 - [MESSAGE][WARNING] - Timeout '0' is invalid. Using default page load timeout: '30'

2018-05-09 11:55:54 - [MESSAGE][PASSED] - Object 'Object Repository/Front Page Objects/p_header_description' is present

2018-05-09 11:55:54 - [TEST_STEP][PASSED] - verifyElementPresent: Object 'Object Repository/Front Page Objects/h2_Login' is present

2018-05-09 11:55:54 - [MESSAGE][WARNING] - Timeout '0' is invalid. Using default page load timeout: '30'

2018-05-09 11:55:54 - [MESSAGE][PASSED] - Object 'Object Repository/Front Page Objects/h2_Login' is present

2018-05-09 11:55:54 - [TEST_STEP][PASSED] - verifyElementPresent: Object 'Object Repository/Login Objects /label_Username' is present

2018-05-09 11:55:54 - [MESSAGE][WARNING] - Timeout '0' is invalid. Using default page load timeout: '30'

2018-05-09 11:55:54 - [MESSAGE][PASSED] - Object 'Object Repository/Login Objects /label_Username' is present

2018-05-09 11:55:54 - [TEST_STEP][PASSED] - verifyElementPresent: Object 'Object Repository/Login Objects /label_Password' is present

2018-05-09 11:55:54 - [MESSAGE][WARNING] - Timeout '0' is invalid. Using default page load timeout: '30'

2018-05-09 11:55:54 - [MESSAGE][PASSED] - Object 'Object Repository/Login Objects /label_Password' is present

2018-05-09 11:55:54 - [TEST_STEP][PASSED] - click: Object: 'Object Repository/Front Page Objects/h2_Login' is clicked on

2018-05-09 11:55:54 - [MESSAGE][PASSED] - Object: 'Object Repository/Front Page Objects/h2_Login' is clicked on

2018-05-09 11:55:54 - [TEST_STEP][PASSED] - setText: Text 'hello' is set on object 'Object Repository/Login Objects /input_username'

2018-05-09 11:55:54 - [MESSAGE][PASSED] - Text 'hello' is set on object 'Object Repository/Login Objects /input_username'

2018-05-09 11:55:54 - [TEST_STEP][PASSED] - setText: Text 'hello' is set on object 'Object Repository/Login Objects /input_password'

2018-05-09 11:55:54 - [MESSAGE][PASSED] - Text 'hello' is set on object 'Object Repository/Login Objects /input_password'

2018-05-09 11:55:54 - [TEST_STEP][PASSED] - click: Object: 'Object Repository/Login Objects /button_Login' is clicked on

2018-05-09 11:55:55 - [MESSAGE][PASSED] - Object: 'Object Repository/Login Objects /button_Login' is clicked on

2018-05-09 11:55:55 - [TEST_STEP][PASSED] - verifyElementText: Actual text and expected text of test object 'Object Repository/Product Objects/h5_Garden' are matched.

2018-05-09 11:55:56 - [MESSAGE][PASSED] - Actual text and expected text of test object 'Object Repository/Product Objects/h5_Garden' are matched.

2018-05-09 11:55:56 - [TEST_STEP][PASSED] - verifyElementText: Actual text and expected text of test object 'Object Repository/Product Objects/p_The garden which you can gro' are matched.

2018-05-09 11:55:56 - [MESSAGE][PASSED] - Actual text and expected text of test object 'Object Repository/Product Objects/p_The garden which you can gro' are matched.

2018-05-09 11:55:56 - [TEST_STEP][PASSED] - verifyElementText: Actual text and expected text of test object 'Object Repository/Product Objects/h6_Price is 20000.00 THB' are matched.

2018-05-09 11:55:56 - [MESSAGE][PASSED] - Actual text and expected text of test object 'Object Repository/Product Objects/h6_Price is 20000.00 THB' are matched.

2018-05-09 11:55:56 - [TEST_STEP][PASSED] - verifyElementText: Actual text and expected text of test object 'Object Repository/Product Objects/h5_Banana' are matched.

2018-05-09 11:55:56 - [MESSAGE][PASSED] - Actual text and expected text of test object 'Object Repository/Product Objects/h5_Banana' are matched.

2018-05-09 11:55:56 - [TEST_STEP][PASSED] - verifyElementText: Actual text and expected text of test object 'Object Repository/Product Objects/p_A good fruit with very cheap' are matched.

2018-05-09 11:55:56 - [MESSAGE][PASSED] - Actual text and expected text of test object 'Object Repository/Product Objects/p_A good fruit with very cheap' are matched.

2018-05-09 11:55:56 - [TEST_STEP][PASSED] - verifyElementText: Actual text and expected text of test object 'Object Repository/Product Objects/h6_Price is 150.00 THB' are matched.

2018-05-09 11:55:56 - [MESSAGE][PASSED] - Actual text and expected text of test object 'Object Repository/Product Objects/h6_Price is 150.00 THB' are matched.

2018-05-09 11:55:56 - [TEST_STEP][PASSED] - verifyElementText: Actual text and expected text of test object 'Object Repository/Product Objects/h5_Orange' are matched.

2018-05-09 11:55:56 - [MESSAGE][PASSED] - Actual text and expected text of test object 'Object Repository/Product Objects/h5_Orange' are matched.

2018-05-09 11:55:56 - [TEST_STEP][PASSED] - verifyElementText: Actual text and expected text of test object 'Object Repository/Product Objects/p_Nothing good about it' are matched.

2018-05-09 11:55:56 - [MESSAGE][PASSED] - Actual text and expected text of test object 'Object Repository/Product Objects/p_Nothing good about it' are matched.

2018-05-09 11:55:56 - [TEST_STEP][PASSED] - verifyElementText: Actual text and expected text of test object 'Object Repository/Product Objects/h6_Price is 280.00 THB' are matched.

2018-05-09 11:55:56 - [MESSAGE][PASSED] - Actual text and expected text of test object 'Object Repository/Product Objects/h6_Price is 280.00 THB' are matched.

2018-05-09 11:55:56 - [TEST_STEP][PASSED] - verifyElementText: Actual text and expected text of test object 'Object Repository/Product Objects/h5_Papaya' are matched.

2018-05-09 11:55:56 - [MESSAGE][PASSED] - Actual text and expected text of test object 'Object Repository/Product Objects/h5_Papaya' are matched.

2018-05-09 11:55:56 - [TEST_STEP][PASSED] - verifyElementText: Actual text and expected text of test object 'Object Repository/Product Objects/p_Use for papaya salad' are matched.

2018-05-09 11:55:56 - [MESSAGE][PASSED] - Actual text and expected text of test object 'Object Repository/Product Objects/p_Use for papaya salad' are matched.

2018-05-09 11:55:56 - [TEST_STEP][PASSED] - verifyElementText: Actual text and expected text of test object 'Object Repository/Product Objects/h6_Price is 12.00 THB' are matched.

2018-05-09 11:55:56 - [MESSAGE][PASSED] - Actual text and expected text of test object 'Object Repository/Product Objects/h6_Price is 12.00 THB' are matched.

2018-05-09 11:55:56 - [TEST_STEP][PASSED] - verifyElementText: Actual text and expected text of test object 'Object Repository/Product Objects/h5_Rambutan' are matched.

2018-05-09 11:55:56 - [MESSAGE][PASSED] - Actual text and expected text of test object 'Object Repository/Product Objects/h5_Rambutan' are matched.

2018-05-09 11:55:56 - [TEST_STEP][PASSED] - verifyElementText: Actual text and expected text of test object 'Object Repository/Product Objects/p_An expensive fruit from the' are matched.

2018-05-09 11:55:56 - [MESSAGE][PASSED] - Actual text and expected text of test object 'Object Repository/Product Objects/p_An expensive fruit from the' are matched.

2018-05-09 11:55:56 - [TEST_STEP][PASSED] - verifyElementText: Actual text and expected text of test object 'Object Repository/Product Objects/h6_Price is 20.00 THB' are matched.

2018-05-09 11:55:56 - [MESSAGE][PASSED] - Actual text and expected text of test object 'Object Repository/Product Objects/h6_Price is 20.00 THB' are matched.

2018-05-09 11:55:56 - [TEST_STEP][PASSED] - closeBrowser: Browser is closed

2018-05-09 11:55:56 - [MESSAGE][PASSED] - Browser is closed]]></system-out>
         <system-err><![CDATA[]]></system-err>
      </testcase>
      <testcase name="Test Cases/Login page " classname="Test Cases/Login page " status="PASSED">
         <system-out><![CDATA[2018-05-09 11:55:56 - [TEST_CASE][PASSED] - Test Cases/Login page : Test Cases/Login page 

2018-05-09 11:55:57 - [TEST_STEP][PASSED] - openBrowser: Browser is opened with url: ''

2018-05-09 11:55:58 - [MESSAGE][PASSED] - Browser is opened with url: ''

2018-05-09 11:55:58 - [TEST_STEP][PASSED] - navigateToUrl: Navigate to 'http://34.209.48.20:9089/' successfully

2018-05-09 11:56:06 - [MESSAGE][PASSED] - Navigate to 'http://34.209.48.20:9089/' successfully

2018-05-09 11:56:06 - [TEST_STEP][PASSED] - verifyElementPresent: Object 'Object Repository/Front Page Objects/header' is present

2018-05-09 11:56:06 - [MESSAGE][WARNING] - Timeout '0' is invalid. Using default page load timeout: '30'

2018-05-09 11:56:06 - [MESSAGE][PASSED] - Object 'Object Repository/Front Page Objects/header' is present

2018-05-09 11:56:06 - [TEST_STEP][PASSED] - verifyElementPresent: Object 'Object Repository/Front Page Objects/p_header_description' is present

2018-05-09 11:56:06 - [MESSAGE][WARNING] - Timeout '0' is invalid. Using default page load timeout: '30'

2018-05-09 11:56:06 - [MESSAGE][PASSED] - Object 'Object Repository/Front Page Objects/p_header_description' is present

2018-05-09 11:56:06 - [TEST_STEP][PASSED] - verifyElementPresent: Object 'Object Repository/Front Page Objects/h2_Login' is present

2018-05-09 11:56:06 - [MESSAGE][WARNING] - Timeout '0' is invalid. Using default page load timeout: '30'

2018-05-09 11:56:06 - [MESSAGE][PASSED] - Object 'Object Repository/Front Page Objects/h2_Login' is present

2018-05-09 11:56:06 - [TEST_STEP][PASSED] - verifyElementPresent: Object 'Object Repository/Login Objects /label_Username' is present

2018-05-09 11:56:06 - [MESSAGE][WARNING] - Timeout '0' is invalid. Using default page load timeout: '30'

2018-05-09 11:56:06 - [MESSAGE][PASSED] - Object 'Object Repository/Login Objects /label_Username' is present

2018-05-09 11:56:06 - [TEST_STEP][PASSED] - verifyElementPresent: Object 'Object Repository/Login Objects /label_Password' is present

2018-05-09 11:56:06 - [MESSAGE][WARNING] - Timeout '0' is invalid. Using default page load timeout: '30'

2018-05-09 11:56:06 - [MESSAGE][PASSED] - Object 'Object Repository/Login Objects /label_Password' is present

2018-05-09 11:56:06 - [TEST_STEP][PASSED] - closeBrowser: Browser is closed

2018-05-09 11:56:06 - [MESSAGE][PASSED] - Browser is closed]]></system-out>
         <system-err><![CDATA[]]></system-err>
      </testcase>
      <testcase name="Test Cases/User logout " classname="Test Cases/User logout " status="PASSED">
         <system-out><![CDATA[2018-05-09 11:56:06 - [TEST_CASE][PASSED] - Test Cases/User logout : Test Cases/User logout 

2018-05-09 11:56:07 - [TEST_STEP][PASSED] - openBrowser: Browser is opened with url: ''

2018-05-09 11:56:08 - [MESSAGE][PASSED] - Browser is opened with url: ''

2018-05-09 11:56:08 - [TEST_STEP][PASSED] - navigateToUrl: Navigate to 'http://34.209.48.20:9089/' successfully

2018-05-09 11:56:19 - [MESSAGE][PASSED] - Navigate to 'http://34.209.48.20:9089/' successfully

2018-05-09 11:56:19 - [TEST_STEP][PASSED] - verifyElementPresent: Object 'Object Repository/Front Page Objects/header' is present

2018-05-09 11:56:19 - [MESSAGE][WARNING] - Timeout '0' is invalid. Using default page load timeout: '30'

2018-05-09 11:56:19 - [MESSAGE][PASSED] - Object 'Object Repository/Front Page Objects/header' is present

2018-05-09 11:56:19 - [TEST_STEP][PASSED] - verifyElementPresent: Object 'Object Repository/Front Page Objects/p_header_description' is present

2018-05-09 11:56:19 - [MESSAGE][WARNING] - Timeout '0' is invalid. Using default page load timeout: '30'

2018-05-09 11:56:19 - [MESSAGE][PASSED] - Object 'Object Repository/Front Page Objects/p_header_description' is present

2018-05-09 11:56:19 - [TEST_STEP][PASSED] - verifyElementPresent: Object 'Object Repository/Front Page Objects/h2_Login' is present

2018-05-09 11:56:19 - [MESSAGE][WARNING] - Timeout '0' is invalid. Using default page load timeout: '30'

2018-05-09 11:56:19 - [MESSAGE][PASSED] - Object 'Object Repository/Front Page Objects/h2_Login' is present

2018-05-09 11:56:19 - [TEST_STEP][PASSED] - verifyElementPresent: Object 'Object Repository/Login Objects /label_Username' is present

2018-05-09 11:56:19 - [MESSAGE][WARNING] - Timeout '0' is invalid. Using default page load timeout: '30'

2018-05-09 11:56:20 - [MESSAGE][PASSED] - Object 'Object Repository/Login Objects /label_Username' is present

2018-05-09 11:56:20 - [TEST_STEP][PASSED] - verifyElementPresent: Object 'Object Repository/Login Objects /label_Password' is present

2018-05-09 11:56:20 - [MESSAGE][WARNING] - Timeout '0' is invalid. Using default page load timeout: '30'

2018-05-09 11:56:20 - [MESSAGE][PASSED] - Object 'Object Repository/Login Objects /label_Password' is present

2018-05-09 11:56:20 - [TEST_STEP][PASSED] - setText: Text 'user' is set on object 'Object Repository/Login Objects /input_username'

2018-05-09 11:56:20 - [MESSAGE][PASSED] - Text 'user' is set on object 'Object Repository/Login Objects /input_username'

2018-05-09 11:56:20 - [TEST_STEP][PASSED] - setText: Text 'user' is set on object 'Object Repository/Login Objects /input_password'

2018-05-09 11:56:20 - [MESSAGE][PASSED] - Text 'user' is set on object 'Object Repository/Login Objects /input_password'

2018-05-09 11:56:20 - [TEST_STEP][PASSED] - click: Object: 'Object Repository/Login Objects /button_Login' is clicked on

2018-05-09 11:56:20 - [MESSAGE][PASSED] - Object: 'Object Repository/Login Objects /button_Login' is clicked on

2018-05-09 11:56:20 - [TEST_STEP][PASSED] - verifyElementPresent: Object 'Object Repository/Front Page Objects/header' is present

2018-05-09 11:56:20 - [MESSAGE][WARNING] - Timeout '0' is invalid. Using default page load timeout: '30'

2018-05-09 11:56:20 - [MESSAGE][PASSED] - Object 'Object Repository/Front Page Objects/header' is present

2018-05-09 11:56:20 - [TEST_STEP][PASSED] - verifyElementPresent: Object 'Object Repository/Front Page Objects/p_header_description' is present

2018-05-09 11:56:20 - [MESSAGE][WARNING] - Timeout '0' is invalid. Using default page load timeout: '30'

2018-05-09 11:56:20 - [MESSAGE][PASSED] - Object 'Object Repository/Front Page Objects/p_header_description' is present

2018-05-09 11:56:20 - [TEST_STEP][PASSED] - verifyElementPresent: Object 'Object Repository/Front Page Objects/div_add to cart' is present

2018-05-09 11:56:20 - [MESSAGE][WARNING] - Timeout '0' is invalid. Using default page load timeout: '30'

2018-05-09 11:56:22 - [MESSAGE][PASSED] - Object 'Object Repository/Front Page Objects/div_add to cart' is present

2018-05-09 11:56:22 - [TEST_STEP][PASSED] - click: Object: 'Object Repository/Front Page Objects/button_Carts' is clicked on

2018-05-09 11:56:22 - [MESSAGE][PASSED] - Object: 'Object Repository/Front Page Objects/button_Carts' is clicked on

2018-05-09 11:56:22 - [TEST_STEP][PASSED] - verifyElementPresent: Object 'Object Repository/Front Page Objects/User_Shopping Cart_header' is present

2018-05-09 11:56:22 - [MESSAGE][WARNING] - Timeout '0' is invalid. Using default page load timeout: '30'

2018-05-09 11:56:22 - [MESSAGE][PASSED] - Object 'Object Repository/Front Page Objects/User_Shopping Cart_header' is present

2018-05-09 11:56:22 - [TEST_STEP][PASSED] - verifyElementPresent: Object 'Object Repository/Front Page Objects/th_Product Name' is present

2018-05-09 11:56:22 - [MESSAGE][WARNING] - Timeout '0' is invalid. Using default page load timeout: '30'

2018-05-09 11:56:22 - [MESSAGE][PASSED] - Object 'Object Repository/Front Page Objects/th_Product Name' is present

2018-05-09 11:56:22 - [TEST_STEP][PASSED] - verifyElementPresent: Object 'Object Repository/Front Page Objects/th_Price' is present

2018-05-09 11:56:22 - [MESSAGE][WARNING] - Timeout '0' is invalid. Using default page load timeout: '30'

2018-05-09 11:56:22 - [MESSAGE][PASSED] - Object 'Object Repository/Front Page Objects/th_Price' is present

2018-05-09 11:56:22 - [TEST_STEP][PASSED] - verifyElementPresent: Object 'Object Repository/Front Page Objects/th_amount' is present

2018-05-09 11:56:22 - [MESSAGE][WARNING] - Timeout '0' is invalid. Using default page load timeout: '30'

2018-05-09 11:56:22 - [MESSAGE][PASSED] - Object 'Object Repository/Front Page Objects/th_amount' is present

2018-05-09 11:56:22 - [TEST_STEP][PASSED] - verifyElementPresent: Object 'Object Repository/Product Objects/p_Total price  0 THB' is present

2018-05-09 11:56:22 - [MESSAGE][WARNING] - Timeout '0' is invalid. Using default page load timeout: '30'

2018-05-09 11:56:22 - [MESSAGE][PASSED] - Object 'Object Repository/Product Objects/p_Total price  0 THB' is present

2018-05-09 11:56:22 - [TEST_STEP][PASSED] - verifyElementPresent: Object 'Object Repository/Login Objects /div_confirm' is present

2018-05-09 11:56:22 - [MESSAGE][WARNING] - Timeout '0' is invalid. Using default page load timeout: '30'

2018-05-09 11:56:22 - [MESSAGE][PASSED] - Object 'Object Repository/Login Objects /div_confirm' is present

2018-05-09 11:56:22 - [TEST_STEP][PASSED] - click: Object: 'Object Repository/Login Objects /button_Logout' is clicked on

2018-05-09 11:56:22 - [MESSAGE][PASSED] - Object: 'Object Repository/Login Objects /button_Logout' is clicked on

2018-05-09 11:56:22 - [TEST_STEP][PASSED] - verifyElementPresent: Object 'Object Repository/Front Page Objects/header' is present

2018-05-09 11:56:22 - [MESSAGE][WARNING] - Timeout '0' is invalid. Using default page load timeout: '30'

2018-05-09 11:56:22 - [MESSAGE][PASSED] - Object 'Object Repository/Front Page Objects/header' is present

2018-05-09 11:56:22 - [TEST_STEP][PASSED] - verifyElementPresent: Object 'Object Repository/Front Page Objects/p_header_description' is present

2018-05-09 11:56:22 - [MESSAGE][WARNING] - Timeout '0' is invalid. Using default page load timeout: '30'

2018-05-09 11:56:22 - [MESSAGE][PASSED] - Object 'Object Repository/Front Page Objects/p_header_description' is present

2018-05-09 11:56:22 - [TEST_STEP][PASSED] - verifyElementPresent: Object 'Object Repository/Front Page Objects/h2_Login' is present

2018-05-09 11:56:22 - [MESSAGE][WARNING] - Timeout '0' is invalid. Using default page load timeout: '30'

2018-05-09 11:56:22 - [MESSAGE][PASSED] - Object 'Object Repository/Front Page Objects/h2_Login' is present

2018-05-09 11:56:22 - [TEST_STEP][PASSED] - verifyElementPresent: Object 'Object Repository/Login Objects /label_Username' is present

2018-05-09 11:56:22 - [MESSAGE][WARNING] - Timeout '0' is invalid. Using default page load timeout: '30'

2018-05-09 11:56:22 - [MESSAGE][PASSED] - Object 'Object Repository/Login Objects /label_Username' is present

2018-05-09 11:56:22 - [TEST_STEP][PASSED] - verifyElementPresent: Object 'Object Repository/Login Objects /label_Password' is present

2018-05-09 11:56:22 - [MESSAGE][WARNING] - Timeout '0' is invalid. Using default page load timeout: '30'

2018-05-09 11:56:22 - [MESSAGE][PASSED] - Object 'Object Repository/Login Objects /label_Password' is present

2018-05-09 11:56:22 - [TEST_STEP][PASSED] - closeBrowser: Browser is closed

2018-05-09 11:56:22 - [MESSAGE][PASSED] - Browser is closed]]></system-out>
         <system-err><![CDATA[]]></system-err>
      </testcase>
      <testcase name="Test Cases/User logout " classname="Test Cases/User logout " status="PASSED">
         <system-out><![CDATA[2018-05-09 11:56:22 - [TEST_CASE][PASSED] - Test Cases/User logout : Test Cases/User logout 

2018-05-09 11:56:22 - [TEST_STEP][PASSED] - openBrowser: Browser is opened with url: ''

2018-05-09 11:56:24 - [MESSAGE][PASSED] - Browser is opened with url: ''

2018-05-09 11:56:24 - [TEST_STEP][PASSED] - navigateToUrl: Navigate to 'http://34.209.48.20:9089/' successfully

2018-05-09 11:56:38 - [MESSAGE][PASSED] - Navigate to 'http://34.209.48.20:9089/' successfully

2018-05-09 11:56:38 - [TEST_STEP][PASSED] - verifyElementPresent: Object 'Object Repository/Front Page Objects/header' is present

2018-05-09 11:56:38 - [MESSAGE][WARNING] - Timeout '0' is invalid. Using default page load timeout: '30'

2018-05-09 11:56:38 - [MESSAGE][PASSED] - Object 'Object Repository/Front Page Objects/header' is present

2018-05-09 11:56:38 - [TEST_STEP][PASSED] - verifyElementPresent: Object 'Object Repository/Front Page Objects/p_header_description' is present

2018-05-09 11:56:38 - [MESSAGE][WARNING] - Timeout '0' is invalid. Using default page load timeout: '30'

2018-05-09 11:56:38 - [MESSAGE][PASSED] - Object 'Object Repository/Front Page Objects/p_header_description' is present

2018-05-09 11:56:38 - [TEST_STEP][PASSED] - verifyElementPresent: Object 'Object Repository/Front Page Objects/h2_Login' is present

2018-05-09 11:56:38 - [MESSAGE][WARNING] - Timeout '0' is invalid. Using default page load timeout: '30'

2018-05-09 11:56:38 - [MESSAGE][PASSED] - Object 'Object Repository/Front Page Objects/h2_Login' is present

2018-05-09 11:56:38 - [TEST_STEP][PASSED] - verifyElementPresent: Object 'Object Repository/Login Objects /label_Username' is present

2018-05-09 11:56:38 - [MESSAGE][WARNING] - Timeout '0' is invalid. Using default page load timeout: '30'

2018-05-09 11:56:38 - [MESSAGE][PASSED] - Object 'Object Repository/Login Objects /label_Username' is present

2018-05-09 11:56:38 - [TEST_STEP][PASSED] - verifyElementPresent: Object 'Object Repository/Login Objects /label_Password' is present

2018-05-09 11:56:38 - [MESSAGE][WARNING] - Timeout '0' is invalid. Using default page load timeout: '30'

2018-05-09 11:56:38 - [MESSAGE][PASSED] - Object 'Object Repository/Login Objects /label_Password' is present

2018-05-09 11:56:38 - [TEST_STEP][PASSED] - setText: Text 'hello' is set on object 'Object Repository/Login Objects /input_username'

2018-05-09 11:56:39 - [MESSAGE][PASSED] - Text 'hello' is set on object 'Object Repository/Login Objects /input_username'

2018-05-09 11:56:39 - [TEST_STEP][PASSED] - setText: Text 'hello' is set on object 'Object Repository/Login Objects /input_password'

2018-05-09 11:56:39 - [MESSAGE][PASSED] - Text 'hello' is set on object 'Object Repository/Login Objects /input_password'

2018-05-09 11:56:39 - [TEST_STEP][PASSED] - click: Object: 'Object Repository/Login Objects /button_Login' is clicked on

2018-05-09 11:56:39 - [MESSAGE][PASSED] - Object: 'Object Repository/Login Objects /button_Login' is clicked on

2018-05-09 11:56:39 - [TEST_STEP][PASSED] - verifyElementPresent: Object 'Object Repository/Front Page Objects/header' is present

2018-05-09 11:56:39 - [MESSAGE][WARNING] - Timeout '0' is invalid. Using default page load timeout: '30'

2018-05-09 11:56:39 - [MESSAGE][PASSED] - Object 'Object Repository/Front Page Objects/header' is present

2018-05-09 11:56:39 - [TEST_STEP][PASSED] - verifyElementPresent: Object 'Object Repository/Front Page Objects/p_header_description' is present

2018-05-09 11:56:39 - [MESSAGE][WARNING] - Timeout '0' is invalid. Using default page load timeout: '30'

2018-05-09 11:56:39 - [MESSAGE][PASSED] - Object 'Object Repository/Front Page Objects/p_header_description' is present

2018-05-09 11:56:39 - [TEST_STEP][PASSED] - verifyElementPresent: Object 'Object Repository/Front Page Objects/div_add to cart' is present

2018-05-09 11:56:39 - [MESSAGE][WARNING] - Timeout '0' is invalid. Using default page load timeout: '30'

2018-05-09 11:56:41 - [MESSAGE][PASSED] - Object 'Object Repository/Front Page Objects/div_add to cart' is present

2018-05-09 11:56:41 - [TEST_STEP][PASSED] - click: Object: 'Object Repository/Front Page Objects/button_Carts' is clicked on

2018-05-09 11:56:41 - [MESSAGE][PASSED] - Object: 'Object Repository/Front Page Objects/button_Carts' is clicked on

2018-05-09 11:56:41 - [TEST_STEP][PASSED] - verifyElementPresent: Object 'Object Repository/Front Page Objects/User_Shopping Cart_header' is present

2018-05-09 11:56:41 - [MESSAGE][WARNING] - Timeout '0' is invalid. Using default page load timeout: '30'

2018-05-09 11:56:41 - [MESSAGE][PASSED] - Object 'Object Repository/Front Page Objects/User_Shopping Cart_header' is present

2018-05-09 11:56:41 - [TEST_STEP][PASSED] - verifyElementPresent: Object 'Object Repository/Front Page Objects/th_Product Name' is present

2018-05-09 11:56:41 - [MESSAGE][WARNING] - Timeout '0' is invalid. Using default page load timeout: '30'

2018-05-09 11:56:41 - [MESSAGE][PASSED] - Object 'Object Repository/Front Page Objects/th_Product Name' is present

2018-05-09 11:56:41 - [TEST_STEP][PASSED] - verifyElementPresent: Object 'Object Repository/Front Page Objects/th_Price' is present

2018-05-09 11:56:41 - [MESSAGE][WARNING] - Timeout '0' is invalid. Using default page load timeout: '30'

2018-05-09 11:56:41 - [MESSAGE][PASSED] - Object 'Object Repository/Front Page Objects/th_Price' is present

2018-05-09 11:56:41 - [TEST_STEP][PASSED] - verifyElementPresent: Object 'Object Repository/Front Page Objects/th_amount' is present

2018-05-09 11:56:41 - [MESSAGE][WARNING] - Timeout '0' is invalid. Using default page load timeout: '30'

2018-05-09 11:56:41 - [MESSAGE][PASSED] - Object 'Object Repository/Front Page Objects/th_amount' is present

2018-05-09 11:56:41 - [TEST_STEP][PASSED] - verifyElementPresent: Object 'Object Repository/Product Objects/p_Total price  0 THB' is present

2018-05-09 11:56:41 - [MESSAGE][WARNING] - Timeout '0' is invalid. Using default page load timeout: '30'

2018-05-09 11:56:41 - [MESSAGE][PASSED] - Object 'Object Repository/Product Objects/p_Total price  0 THB' is present

2018-05-09 11:56:41 - [TEST_STEP][PASSED] - verifyElementPresent: Object 'Object Repository/Login Objects /div_confirm' is present

2018-05-09 11:56:41 - [MESSAGE][WARNING] - Timeout '0' is invalid. Using default page load timeout: '30'

2018-05-09 11:56:41 - [MESSAGE][PASSED] - Object 'Object Repository/Login Objects /div_confirm' is present

2018-05-09 11:56:41 - [TEST_STEP][PASSED] - click: Object: 'Object Repository/Login Objects /button_Logout' is clicked on

2018-05-09 11:56:41 - [MESSAGE][PASSED] - Object: 'Object Repository/Login Objects /button_Logout' is clicked on

2018-05-09 11:56:41 - [TEST_STEP][PASSED] - verifyElementPresent: Object 'Object Repository/Front Page Objects/header' is present

2018-05-09 11:56:41 - [MESSAGE][WARNING] - Timeout '0' is invalid. Using default page load timeout: '30'

2018-05-09 11:56:41 - [MESSAGE][PASSED] - Object 'Object Repository/Front Page Objects/header' is present

2018-05-09 11:56:41 - [TEST_STEP][PASSED] - verifyElementPresent: Object 'Object Repository/Front Page Objects/p_header_description' is present

2018-05-09 11:56:41 - [MESSAGE][WARNING] - Timeout '0' is invalid. Using default page load timeout: '30'

2018-05-09 11:56:41 - [MESSAGE][PASSED] - Object 'Object Repository/Front Page Objects/p_header_description' is present

2018-05-09 11:56:41 - [TEST_STEP][PASSED] - verifyElementPresent: Object 'Object Repository/Front Page Objects/h2_Login' is present

2018-05-09 11:56:41 - [MESSAGE][WARNING] - Timeout '0' is invalid. Using default page load timeout: '30'

2018-05-09 11:56:41 - [MESSAGE][PASSED] - Object 'Object Repository/Front Page Objects/h2_Login' is present

2018-05-09 11:56:41 - [TEST_STEP][PASSED] - verifyElementPresent: Object 'Object Repository/Login Objects /label_Username' is present

2018-05-09 11:56:41 - [MESSAGE][WARNING] - Timeout '0' is invalid. Using default page load timeout: '30'

2018-05-09 11:56:41 - [MESSAGE][PASSED] - Object 'Object Repository/Login Objects /label_Username' is present

2018-05-09 11:56:41 - [TEST_STEP][PASSED] - verifyElementPresent: Object 'Object Repository/Login Objects /label_Password' is present

2018-05-09 11:56:41 - [MESSAGE][WARNING] - Timeout '0' is invalid. Using default page load timeout: '30'

2018-05-09 11:56:41 - [MESSAGE][PASSED] - Object 'Object Repository/Login Objects /label_Password' is present

2018-05-09 11:56:41 - [TEST_STEP][PASSED] - closeBrowser: Browser is closed

2018-05-09 11:56:41 - [MESSAGE][PASSED] - Browser is closed]]></system-out>
         <system-err><![CDATA[]]></system-err>
      </testcase>
      <testcase name="Test Cases/User login fail " classname="Test Cases/User login fail " status="PASSED">
         <system-out><![CDATA[2018-05-09 11:56:41 - [TEST_CASE][PASSED] - Test Cases/User login fail : Test Cases/User login fail 

2018-05-09 11:56:41 - [TEST_STEP][PASSED] - openBrowser: Browser is opened with url: ''

2018-05-09 11:56:42 - [MESSAGE][PASSED] - Browser is opened with url: ''

2018-05-09 11:56:42 - [TEST_STEP][PASSED] - navigateToUrl: Navigate to 'http://34.209.48.20:9089/' successfully

2018-05-09 11:56:55 - [MESSAGE][PASSED] - Navigate to 'http://34.209.48.20:9089/' successfully

2018-05-09 11:56:55 - [TEST_STEP][PASSED] - verifyElementPresent: Object 'Object Repository/Front Page Objects/header' is present

2018-05-09 11:56:55 - [MESSAGE][WARNING] - Timeout '0' is invalid. Using default page load timeout: '30'

2018-05-09 11:56:55 - [MESSAGE][PASSED] - Object 'Object Repository/Front Page Objects/header' is present

2018-05-09 11:56:55 - [TEST_STEP][PASSED] - verifyElementPresent: Object 'Object Repository/Front Page Objects/p_header_description' is present

2018-05-09 11:56:55 - [MESSAGE][WARNING] - Timeout '0' is invalid. Using default page load timeout: '30'

2018-05-09 11:56:55 - [MESSAGE][PASSED] - Object 'Object Repository/Front Page Objects/p_header_description' is present

2018-05-09 11:56:55 - [TEST_STEP][PASSED] - verifyElementPresent: Object 'Object Repository/Front Page Objects/h2_Login' is present

2018-05-09 11:56:55 - [MESSAGE][WARNING] - Timeout '0' is invalid. Using default page load timeout: '30'

2018-05-09 11:56:55 - [MESSAGE][PASSED] - Object 'Object Repository/Front Page Objects/h2_Login' is present

2018-05-09 11:56:55 - [TEST_STEP][PASSED] - verifyElementPresent: Object 'Object Repository/Login Objects /label_Username' is present

2018-05-09 11:56:55 - [MESSAGE][WARNING] - Timeout '0' is invalid. Using default page load timeout: '30'

2018-05-09 11:56:55 - [MESSAGE][PASSED] - Object 'Object Repository/Login Objects /label_Username' is present

2018-05-09 11:56:55 - [TEST_STEP][PASSED] - verifyElementPresent: Object 'Object Repository/Login Objects /label_Password' is present

2018-05-09 11:56:55 - [MESSAGE][WARNING] - Timeout '0' is invalid. Using default page load timeout: '30'

2018-05-09 11:56:55 - [MESSAGE][PASSED] - Object 'Object Repository/Login Objects /label_Password' is present

2018-05-09 11:56:55 - [TEST_STEP][PASSED] - setText: Text 'firefly' is set on object 'Object Repository/Login Objects /input_username'

2018-05-09 11:56:55 - [MESSAGE][PASSED] - Text 'firefly' is set on object 'Object Repository/Login Objects /input_username'

2018-05-09 11:56:55 - [TEST_STEP][PASSED] - setText: Text 'wrongpass' is set on object 'Object Repository/Login Objects /input_password'

2018-05-09 11:56:55 - [MESSAGE][PASSED] - Text 'wrongpass' is set on object 'Object Repository/Login Objects /input_password'

2018-05-09 11:56:55 - [TEST_STEP][PASSED] - click: Object: 'Object Repository/Login Objects /button_Login' is clicked on

2018-05-09 11:56:56 - [MESSAGE][PASSED] - Object: 'Object Repository/Login Objects /button_Login' is clicked on

2018-05-09 11:56:56 - [TEST_STEP][PASSED] - verifyElementPresent: Object 'Object Repository/Login Objects /label_Usernamepassword is inco' is present

2018-05-09 11:56:56 - [MESSAGE][WARNING] - Timeout '0' is invalid. Using default page load timeout: '30'

2018-05-09 11:56:57 - [MESSAGE][PASSED] - Object 'Object Repository/Login Objects /label_Usernamepassword is inco' is present

2018-05-09 11:56:57 - [TEST_STEP][PASSED] - closeBrowser: Browser is closed

2018-05-09 11:56:57 - [MESSAGE][PASSED] - Browser is closed]]></system-out>
         <system-err><![CDATA[]]></system-err>
      </testcase>
      <testcase name="Test Cases/User login fail " classname="Test Cases/User login fail " status="FAILED">
         <failure type="FAILED" message="Unable to verify object 'Object Repository/Login Objects /label_Usernamepassword is inco' is present (Root cause: com.kms.katalon.core.webui.exception.WebElementNotFoundException: Web element with id: 'Object Repository/Login Objects /label_Usernamepassword is inco' located by 'By.xpath: //label[(text() = 'Username/password is incorrect' or . = 'Username/password is incorrect')]' not found)"/>
         <system-out><![CDATA[2018-05-09 11:56:57 - [TEST_CASE][FAILED] - Test Cases/User login fail : Test Cases/User login fail  FAILED because (of) Unable to verify object 'Object Repository/Login Objects /label_Usernamepassword is inco' is present (Root cause: com.kms.katalon.core.webui.exception.WebElementNotFoundException: Web element with id: 'Object Repository/Login Objects /label_Usernamepassword is inco' located by 'By.xpath: //label[(text() = 'Username/password is incorrect' or . = 'Username/password is incorrect')]' not found)

2018-05-09 11:56:57 - [TEST_STEP][PASSED] - openBrowser: Browser is opened with url: ''

2018-05-09 11:56:58 - [MESSAGE][PASSED] - Browser is opened with url: ''

2018-05-09 11:56:58 - [TEST_STEP][PASSED] - navigateToUrl: Navigate to 'http://34.209.48.20:9089/' successfully

2018-05-09 11:57:08 - [MESSAGE][PASSED] - Navigate to 'http://34.209.48.20:9089/' successfully

2018-05-09 11:57:08 - [TEST_STEP][PASSED] - verifyElementPresent: Object 'Object Repository/Front Page Objects/header' is present

2018-05-09 11:57:08 - [MESSAGE][WARNING] - Timeout '0' is invalid. Using default page load timeout: '30'

2018-05-09 11:57:08 - [MESSAGE][PASSED] - Object 'Object Repository/Front Page Objects/header' is present

2018-05-09 11:57:08 - [TEST_STEP][PASSED] - verifyElementPresent: Object 'Object Repository/Front Page Objects/p_header_description' is present

2018-05-09 11:57:08 - [MESSAGE][WARNING] - Timeout '0' is invalid. Using default page load timeout: '30'

2018-05-09 11:57:08 - [MESSAGE][PASSED] - Object 'Object Repository/Front Page Objects/p_header_description' is present

2018-05-09 11:57:08 - [TEST_STEP][PASSED] - verifyElementPresent: Object 'Object Repository/Front Page Objects/h2_Login' is present

2018-05-09 11:57:09 - [MESSAGE][WARNING] - Timeout '0' is invalid. Using default page load timeout: '30'

2018-05-09 11:57:09 - [MESSAGE][PASSED] - Object 'Object Repository/Front Page Objects/h2_Login' is present

2018-05-09 11:57:09 - [TEST_STEP][PASSED] - verifyElementPresent: Object 'Object Repository/Login Objects /label_Username' is present

2018-05-09 11:57:09 - [MESSAGE][WARNING] - Timeout '0' is invalid. Using default page load timeout: '30'

2018-05-09 11:57:09 - [MESSAGE][PASSED] - Object 'Object Repository/Login Objects /label_Username' is present

2018-05-09 11:57:09 - [TEST_STEP][PASSED] - verifyElementPresent: Object 'Object Repository/Login Objects /label_Password' is present

2018-05-09 11:57:09 - [MESSAGE][WARNING] - Timeout '0' is invalid. Using default page load timeout: '30'

2018-05-09 11:57:09 - [MESSAGE][PASSED] - Object 'Object Repository/Login Objects /label_Password' is present

2018-05-09 11:57:09 - [TEST_STEP][PASSED] - setText: Text '' is set on object 'Object Repository/Login Objects /input_username'

2018-05-09 11:57:09 - [MESSAGE][PASSED] - Text '' is set on object 'Object Repository/Login Objects /input_username'

2018-05-09 11:57:09 - [TEST_STEP][PASSED] - setText: Text '' is set on object 'Object Repository/Login Objects /input_password'

2018-05-09 11:57:09 - [MESSAGE][PASSED] - Text '' is set on object 'Object Repository/Login Objects /input_password'

2018-05-09 11:57:09 - [TEST_STEP][PASSED] - click: Object: 'Object Repository/Login Objects /button_Login' is clicked on

2018-05-09 11:57:09 - [MESSAGE][PASSED] - Object: 'Object Repository/Login Objects /button_Login' is clicked on

2018-05-09 11:57:09 - [TEST_STEP][FAILED] - verifyElementPresent: Unable to verify object 'Object Repository/Login Objects /label_Usernamepassword is inco' is present (Root cause: com.kms.katalon.core.webui.exception.WebElementNotFoundException: Web element with id: 'Object Repository/Login Objects /label_Usernamepassword is inco' located by 'By.xpath: //label[(text() = 'Username/password is incorrect' or . = 'Username/password is incorrect')]' not found)

2018-05-09 11:57:09 - [MESSAGE][WARNING] - Timeout '0' is invalid. Using default page load timeout: '30'

2018-05-09 11:57:41 - [MESSAGE][FAILED] - com.kms.katalon.core.webui.exception.WebElementNotFoundException: Web element with id: 'Object Repository/Login Objects /label_Usernamepassword is inco' located by 'By.xpath: //label[(text() = 'Username/password is incorrect' or . = 'Username/password is incorrect')]' not found
[[ATTACHMENT|/Users/snailwalker/Documents/workspace/backend/katalon/Reports/Data-Driven Tests Suite/20180509_115443/1525841860627.png]]

2018-05-09 11:57:41 - [MESSAGE][FAILED] - Unable to verify object 'Object Repository/Login Objects /label_Usernamepassword is inco' is present (Root cause: com.kms.katalon.core.webui.exception.WebElementNotFoundException: Web element with id: 'Object Repository/Login Objects /label_Usernamepassword is inco' located by 'By.xpath: //label[(text() = 'Username/password is incorrect' or . = 'Username/password is incorrect')]' not found)
[[ATTACHMENT|/Users/snailwalker/Documents/workspace/backend/katalon/Reports/Data-Driven Tests Suite/20180509_115443/1525841861166.png]]]]></system-out>
         <system-err><![CDATA[2018-05-09 11:56:57 - [TEST_CASE][FAILED] - Test Cases/User login fail : Test Cases/User login fail  FAILED because (of) Unable to verify object 'Object Repository/Login Objects /label_Usernamepassword is inco' is present (Root cause: com.kms.katalon.core.webui.exception.WebElementNotFoundException: Web element with id: 'Object Repository/Login Objects /label_Usernamepassword is inco' located by 'By.xpath: //label[(text() = 'Username/password is incorrect' or . = 'Username/password is incorrect')]' not found)]]></system-err>
      </testcase>
      <testcase name="Test Cases/Empty password field " classname="Test Cases/Empty password field " status="PASSED">
         <system-out><![CDATA[2018-05-09 11:57:41 - [TEST_CASE][PASSED] - Test Cases/Empty password field : Test Cases/Empty password field 

2018-05-09 11:57:41 - [TEST_STEP][PASSED] - openBrowser: Browser is opened with url: ''

2018-05-09 11:57:41 - [MESSAGE][WARNING] - A browser is already opened. Closing browser and opening a new one

2018-05-09 11:57:43 - [MESSAGE][PASSED] - Browser is opened with url: ''

2018-05-09 11:57:43 - [TEST_STEP][PASSED] - navigateToUrl: Navigate to 'http://34.209.48.20:9089/' successfully

2018-05-09 11:57:52 - [MESSAGE][PASSED] - Navigate to 'http://34.209.48.20:9089/' successfully

2018-05-09 11:57:52 - [TEST_STEP][PASSED] - verifyElementPresent: Object 'Object Repository/Front Page Objects/header' is present

2018-05-09 11:57:52 - [MESSAGE][WARNING] - Timeout '0' is invalid. Using default page load timeout: '30'

2018-05-09 11:57:52 - [MESSAGE][PASSED] - Object 'Object Repository/Front Page Objects/header' is present

2018-05-09 11:57:52 - [TEST_STEP][PASSED] - verifyElementPresent: Object 'Object Repository/Front Page Objects/p_header_description' is present

2018-05-09 11:57:52 - [MESSAGE][WARNING] - Timeout '0' is invalid. Using default page load timeout: '30'

2018-05-09 11:57:52 - [MESSAGE][PASSED] - Object 'Object Repository/Front Page Objects/p_header_description' is present

2018-05-09 11:57:52 - [TEST_STEP][PASSED] - verifyElementPresent: Object 'Object Repository/Front Page Objects/h2_Login' is present

2018-05-09 11:57:52 - [MESSAGE][WARNING] - Timeout '0' is invalid. Using default page load timeout: '30'

2018-05-09 11:57:52 - [MESSAGE][PASSED] - Object 'Object Repository/Front Page Objects/h2_Login' is present

2018-05-09 11:57:52 - [TEST_STEP][PASSED] - verifyElementPresent: Object 'Object Repository/Login Objects /label_Username' is present

2018-05-09 11:57:52 - [MESSAGE][WARNING] - Timeout '0' is invalid. Using default page load timeout: '30'

2018-05-09 11:57:52 - [MESSAGE][PASSED] - Object 'Object Repository/Login Objects /label_Username' is present

2018-05-09 11:57:52 - [TEST_STEP][PASSED] - verifyElementPresent: Object 'Object Repository/Login Objects /label_Password' is present

2018-05-09 11:57:52 - [MESSAGE][WARNING] - Timeout '0' is invalid. Using default page load timeout: '30'

2018-05-09 11:57:52 - [MESSAGE][PASSED] - Object 'Object Repository/Login Objects /label_Password' is present

2018-05-09 11:57:52 - [TEST_STEP][PASSED] - verifyElementPresent: Object 'Object Repository/Login Objects /div_Login' is present

2018-05-09 11:57:52 - [MESSAGE][WARNING] - Timeout '0' is invalid. Using default page load timeout: '30'

2018-05-09 11:57:52 - [MESSAGE][PASSED] - Object 'Object Repository/Login Objects /div_Login' is present

2018-05-09 11:57:52 - [TEST_STEP][PASSED] - setText: Text 'admin' is set on object 'Object Repository/Login Objects /input_username'

2018-05-09 11:57:52 - [MESSAGE][PASSED] - Text 'admin' is set on object 'Object Repository/Login Objects /input_username'

2018-05-09 11:57:52 - [TEST_STEP][PASSED] - setText: Text '' is set on object 'Object Repository/Login Objects /input_password'

2018-05-09 11:57:52 - [MESSAGE][PASSED] - Text '' is set on object 'Object Repository/Login Objects /input_password'

2018-05-09 11:57:52 - [TEST_STEP][PASSED] - click: Object: 'Object Repository/Login Objects /button_Login' is clicked on

2018-05-09 11:57:52 - [MESSAGE][PASSED] - Object: 'Object Repository/Login Objects /button_Login' is clicked on

2018-05-09 11:57:52 - [TEST_STEP][PASSED] - verifyElementPresent: Object 'Object Repository/Login Objects /label_Password is required' is present

2018-05-09 11:57:52 - [MESSAGE][WARNING] - Timeout '0' is invalid. Using default page load timeout: '30'

2018-05-09 11:57:52 - [MESSAGE][PASSED] - Object 'Object Repository/Login Objects /label_Password is required' is present

2018-05-09 11:57:52 - [TEST_STEP][PASSED] - closeBrowser: Browser is closed

2018-05-09 11:57:53 - [MESSAGE][PASSED] - Browser is closed]]></system-out>
         <system-err><![CDATA[]]></system-err>
      </testcase>
      <testcase name="Test Cases/Empty password field " classname="Test Cases/Empty password field " status="PASSED">
         <system-out><![CDATA[2018-05-09 11:57:53 - [TEST_CASE][PASSED] - Test Cases/Empty password field : Test Cases/Empty password field 

2018-05-09 11:57:53 - [TEST_STEP][PASSED] - openBrowser: Browser is opened with url: ''

2018-05-09 11:57:54 - [MESSAGE][PASSED] - Browser is opened with url: ''

2018-05-09 11:57:54 - [TEST_STEP][PASSED] - navigateToUrl: Navigate to 'http://34.209.48.20:9089/' successfully

2018-05-09 11:58:06 - [MESSAGE][PASSED] - Navigate to 'http://34.209.48.20:9089/' successfully

2018-05-09 11:58:06 - [TEST_STEP][PASSED] - verifyElementPresent: Object 'Object Repository/Front Page Objects/header' is present

2018-05-09 11:58:06 - [MESSAGE][WARNING] - Timeout '0' is invalid. Using default page load timeout: '30'

2018-05-09 11:58:06 - [MESSAGE][PASSED] - Object 'Object Repository/Front Page Objects/header' is present

2018-05-09 11:58:06 - [TEST_STEP][PASSED] - verifyElementPresent: Object 'Object Repository/Front Page Objects/p_header_description' is present

2018-05-09 11:58:06 - [MESSAGE][WARNING] - Timeout '0' is invalid. Using default page load timeout: '30'

2018-05-09 11:58:06 - [MESSAGE][PASSED] - Object 'Object Repository/Front Page Objects/p_header_description' is present

2018-05-09 11:58:06 - [TEST_STEP][PASSED] - verifyElementPresent: Object 'Object Repository/Front Page Objects/h2_Login' is present

2018-05-09 11:58:06 - [MESSAGE][WARNING] - Timeout '0' is invalid. Using default page load timeout: '30'

2018-05-09 11:58:06 - [MESSAGE][PASSED] - Object 'Object Repository/Front Page Objects/h2_Login' is present

2018-05-09 11:58:06 - [TEST_STEP][PASSED] - verifyElementPresent: Object 'Object Repository/Login Objects /label_Username' is present

2018-05-09 11:58:06 - [MESSAGE][WARNING] - Timeout '0' is invalid. Using default page load timeout: '30'

2018-05-09 11:58:06 - [MESSAGE][PASSED] - Object 'Object Repository/Login Objects /label_Username' is present

2018-05-09 11:58:06 - [TEST_STEP][PASSED] - verifyElementPresent: Object 'Object Repository/Login Objects /label_Password' is present

2018-05-09 11:58:06 - [MESSAGE][WARNING] - Timeout '0' is invalid. Using default page load timeout: '30'

2018-05-09 11:58:06 - [MESSAGE][PASSED] - Object 'Object Repository/Login Objects /label_Password' is present

2018-05-09 11:58:06 - [TEST_STEP][PASSED] - verifyElementPresent: Object 'Object Repository/Login Objects /div_Login' is present

2018-05-09 11:58:06 - [MESSAGE][WARNING] - Timeout '0' is invalid. Using default page load timeout: '30'

2018-05-09 11:58:06 - [MESSAGE][PASSED] - Object 'Object Repository/Login Objects /div_Login' is present

2018-05-09 11:58:06 - [TEST_STEP][PASSED] - setText: Text 'user' is set on object 'Object Repository/Login Objects /input_username'

2018-05-09 11:58:06 - [MESSAGE][PASSED] - Text 'user' is set on object 'Object Repository/Login Objects /input_username'

2018-05-09 11:58:06 - [TEST_STEP][PASSED] - setText: Text '' is set on object 'Object Repository/Login Objects /input_password'

2018-05-09 11:58:06 - [MESSAGE][PASSED] - Text '' is set on object 'Object Repository/Login Objects /input_password'

2018-05-09 11:58:06 - [TEST_STEP][PASSED] - click: Object: 'Object Repository/Login Objects /button_Login' is clicked on

2018-05-09 11:58:06 - [MESSAGE][PASSED] - Object: 'Object Repository/Login Objects /button_Login' is clicked on

2018-05-09 11:58:06 - [TEST_STEP][PASSED] - verifyElementPresent: Object 'Object Repository/Login Objects /label_Password is required' is present

2018-05-09 11:58:06 - [MESSAGE][WARNING] - Timeout '0' is invalid. Using default page load timeout: '30'

2018-05-09 11:58:06 - [MESSAGE][PASSED] - Object 'Object Repository/Login Objects /label_Password is required' is present

2018-05-09 11:58:06 - [TEST_STEP][PASSED] - closeBrowser: Browser is closed

2018-05-09 11:58:06 - [MESSAGE][PASSED] - Browser is closed]]></system-out>
         <system-err><![CDATA[]]></system-err>
      </testcase>
      <testcase name="Test Cases/Empty password field " classname="Test Cases/Empty password field " status="PASSED">
         <system-out><![CDATA[2018-05-09 11:58:06 - [TEST_CASE][PASSED] - Test Cases/Empty password field : Test Cases/Empty password field 

2018-05-09 11:58:06 - [TEST_STEP][PASSED] - openBrowser: Browser is opened with url: ''

2018-05-09 11:58:07 - [MESSAGE][PASSED] - Browser is opened with url: ''

2018-05-09 11:58:07 - [TEST_STEP][PASSED] - navigateToUrl: Navigate to 'http://34.209.48.20:9089/' successfully

2018-05-09 11:58:17 - [MESSAGE][PASSED] - Navigate to 'http://34.209.48.20:9089/' successfully

2018-05-09 11:58:17 - [TEST_STEP][PASSED] - verifyElementPresent: Object 'Object Repository/Front Page Objects/header' is present

2018-05-09 11:58:17 - [MESSAGE][WARNING] - Timeout '0' is invalid. Using default page load timeout: '30'

2018-05-09 11:58:17 - [MESSAGE][PASSED] - Object 'Object Repository/Front Page Objects/header' is present

2018-05-09 11:58:17 - [TEST_STEP][PASSED] - verifyElementPresent: Object 'Object Repository/Front Page Objects/p_header_description' is present

2018-05-09 11:58:17 - [MESSAGE][WARNING] - Timeout '0' is invalid. Using default page load timeout: '30'

2018-05-09 11:58:17 - [MESSAGE][PASSED] - Object 'Object Repository/Front Page Objects/p_header_description' is present

2018-05-09 11:58:17 - [TEST_STEP][PASSED] - verifyElementPresent: Object 'Object Repository/Front Page Objects/h2_Login' is present

2018-05-09 11:58:17 - [MESSAGE][WARNING] - Timeout '0' is invalid. Using default page load timeout: '30'

2018-05-09 11:58:17 - [MESSAGE][PASSED] - Object 'Object Repository/Front Page Objects/h2_Login' is present

2018-05-09 11:58:17 - [TEST_STEP][PASSED] - verifyElementPresent: Object 'Object Repository/Login Objects /label_Username' is present

2018-05-09 11:58:17 - [MESSAGE][WARNING] - Timeout '0' is invalid. Using default page load timeout: '30'

2018-05-09 11:58:17 - [MESSAGE][PASSED] - Object 'Object Repository/Login Objects /label_Username' is present

2018-05-09 11:58:17 - [TEST_STEP][PASSED] - verifyElementPresent: Object 'Object Repository/Login Objects /label_Password' is present

2018-05-09 11:58:17 - [MESSAGE][WARNING] - Timeout '0' is invalid. Using default page load timeout: '30'

2018-05-09 11:58:17 - [MESSAGE][PASSED] - Object 'Object Repository/Login Objects /label_Password' is present

2018-05-09 11:58:17 - [TEST_STEP][PASSED] - verifyElementPresent: Object 'Object Repository/Login Objects /div_Login' is present

2018-05-09 11:58:17 - [MESSAGE][WARNING] - Timeout '0' is invalid. Using default page load timeout: '30'

2018-05-09 11:58:17 - [MESSAGE][PASSED] - Object 'Object Repository/Login Objects /div_Login' is present

2018-05-09 11:58:17 - [TEST_STEP][PASSED] - setText: Text 'hello' is set on object 'Object Repository/Login Objects /input_username'

2018-05-09 11:58:18 - [MESSAGE][PASSED] - Text 'hello' is set on object 'Object Repository/Login Objects /input_username'

[...]

2018-05-09 12:00:41 - [MESSAGE][PASSED] - Object: 'Object Repository/button_add to cart' is clicked on

2018-05-09 12:00:41 - [TEST_STEP][PASSED] - verifyElementPresent: Object 'Object Repository/div_already added' is present

2018-05-09 12:00:41 - [MESSAGE][WARNING] - Timeout '0' is invalid. Using default page load timeout: '30'

2018-05-09 12:00:41 - [MESSAGE][PASSED] - Object 'Object Repository/div_already added' is present

2018-05-09 12:00:41 - [TEST_STEP][PASSED] - verifyElementPresent: Object 'Object Repository/h5_Banana' is present

2018-05-09 12:00:41 - [MESSAGE][WARNING] - Timeout '0' is invalid. Using default page load timeout: '30'

2018-05-09 12:00:41 - [MESSAGE][PASSED] - Object 'Object Repository/h5_Banana' is present

2018-05-09 12:00:41 - [TEST_STEP][PASSED] - verifyElementPresent: Object 'Object Repository/div_add to cart' is present

2018-05-09 12:00:41 - [MESSAGE][WARNING] - Timeout '0' is invalid. Using default page load timeout: '30'

2018-05-09 12:00:41 - [MESSAGE][PASSED] - Object 'Object Repository/div_add to cart' is present

2018-05-09 12:00:41 - [TEST_STEP][PASSED] - click: Object: 'Object Repository/button_add to cart' is clicked on

2018-05-09 12:00:41 - [MESSAGE][PASSED] - Object: 'Object Repository/button_add to cart' is clicked on

2018-05-09 12:00:41 - [TEST_STEP][PASSED] - verifyElementPresent: Object 'Object Repository/div_already added' is present

2018-05-09 12:00:41 - [MESSAGE][WARNING] - Timeout '0' is invalid. Using default page load timeout: '30'

2018-05-09 12:00:41 - [MESSAGE][PASSED] - Object 'Object Repository/div_already added' is present

2018-05-09 12:00:41 - [TEST_STEP][PASSED] - verifyElementPresent: Object 'Object Repository/div_Products' is present

2018-05-09 12:00:41 - [MESSAGE][WARNING] - Timeout '0' is invalid. Using default page load timeout: '30'

2018-05-09 12:00:41 - [MESSAGE][PASSED] - Object 'Object Repository/div_Products' is present

2018-05-09 12:00:41 - [TEST_STEP][PASSED] - click: Object: 'Object Repository/a_Carts            2' is clicked on

2018-05-09 12:00:41 - [MESSAGE][PASSED] - Object: 'Object Repository/a_Carts            2' is clicked on

2018-05-09 12:00:41 - [TEST_STEP][PASSED] - verifyElementPresent: Object 'Object Repository/div_Shopping Cart' is present

2018-05-09 12:00:41 - [MESSAGE][WARNING] - Timeout '0' is invalid. Using default page load timeout: '30'

2018-05-09 12:00:41 - [MESSAGE][PASSED] - Object 'Object Repository/div_Shopping Cart' is present

2018-05-09 12:00:41 - [TEST_STEP][PASSED] - verifyElementPresent: Object 'Object Repository/td_Garden' is present

2018-05-09 12:00:41 - [MESSAGE][WARNING] - Timeout '0' is invalid. Using default page load timeout: '30'

2018-05-09 12:00:41 - [MESSAGE][PASSED] - Object 'Object Repository/td_Garden' is present

2018-05-09 12:00:41 - [TEST_STEP][PASSED] - verifyElementPresent: Object 'Object Repository/td_20000 THB' is present

2018-05-09 12:00:41 - [MESSAGE][WARNING] - Timeout '0' is invalid. Using default page load timeout: '30'

2018-05-09 12:00:41 - [MESSAGE][PASSED] - Object 'Object Repository/td_20000 THB' is present

2018-05-09 12:00:41 - [TEST_STEP][PASSED] - verifyElementPresent: Object 'Object Repository/div_col-4 center-block' is present

2018-05-09 12:00:42 - [MESSAGE][WARNING] - Timeout '0' is invalid. Using default page load timeout: '30'

2018-05-09 12:00:42 - [MESSAGE][PASSED] - Object 'Object Repository/div_col-4 center-block' is present

2018-05-09 12:00:42 - [TEST_STEP][PASSED] - verifyElementPresent: Object 'Object Repository/td_Banana' is present

2018-05-09 12:00:42 - [MESSAGE][WARNING] - Timeout '0' is invalid. Using default page load timeout: '30'

2018-05-09 12:00:42 - [MESSAGE][PASSED] - Object 'Object Repository/td_Banana' is present

2018-05-09 12:00:42 - [TEST_STEP][PASSED] - verifyElementPresent: Object 'Object Repository/td_150 THB' is present

2018-05-09 12:00:42 - [MESSAGE][WARNING] - Timeout '0' is invalid. Using default page load timeout: '30'

2018-05-09 12:00:42 - [MESSAGE][PASSED] - Object 'Object Repository/td_150 THB' is present

2018-05-09 12:00:42 - [TEST_STEP][PASSED] - verifyElementPresent: Object 'Object Repository/div_col-4 center-block_1' is present

2018-05-09 12:00:42 - [MESSAGE][WARNING] - Timeout '0' is invalid. Using default page load timeout: '30'

2018-05-09 12:00:42 - [MESSAGE][PASSED] - Object 'Object Repository/div_col-4 center-block_1' is present

2018-05-09 12:00:42 - [TEST_STEP][PASSED] - verifyElementPresent: Object 'Object Repository/p_Total price  20150 THB' is present

2018-05-09 12:00:42 - [MESSAGE][WARNING] - Timeout '0' is invalid. Using default page load timeout: '30'

2018-05-09 12:00:42 - [MESSAGE][PASSED] - Object 'Object Repository/p_Total price  20150 THB' is present

2018-05-09 12:00:42 - [TEST_STEP][PASSED] - click: Object: 'Object Repository/Login Objects /button_confirm' is clicked on

2018-05-09 12:00:42 - [MESSAGE][PASSED] - Object: 'Object Repository/Login Objects /button_confirm' is clicked on

2018-05-09 12:00:42 - [TEST_STEP][PASSED] - acceptAlert: Alert accepted

2018-05-09 12:00:42 - [MESSAGE][PASSED] - Alert accepted

2018-05-09 12:00:42 - [TEST_STEP][PASSED] - openBrowser: Browser is opened with url: ''

2018-05-09 12:00:42 - [MESSAGE][WARNING] - A browser is already opened. Closing browser and opening a new one

2018-05-09 12:00:44 - [MESSAGE][PASSED] - Browser is opened with url: ''

2018-05-09 12:00:44 - [TEST_STEP][PASSED] - navigateToUrl: Navigate to 'http://34.209.48.20:9089/' successfully

2018-05-09 12:00:53 - [MESSAGE][PASSED] - Navigate to 'http://34.209.48.20:9089/' successfully

2018-05-09 12:00:53 - [TEST_STEP][PASSED] - verifyElementPresent: Object 'Object Repository/Front Page Objects/header' is present

2018-05-09 12:00:53 - [MESSAGE][WARNING] - Timeout '0' is invalid. Using default page load timeout: '30'

2018-05-09 12:00:53 - [MESSAGE][PASSED] - Object 'Object Repository/Front Page Objects/header' is present

2018-05-09 12:00:53 - [TEST_STEP][PASSED] - verifyElementPresent: Object 'Object Repository/Front Page Objects/p_header_description' is present

2018-05-09 12:00:53 - [MESSAGE][WARNING] - Timeout '0' is invalid. Using default page load timeout: '30'

2018-05-09 12:00:53 - [MESSAGE][PASSED] - Object 'Object Repository/Front Page Objects/p_header_description' is present

2018-05-09 12:00:53 - [TEST_STEP][PASSED] - verifyElementPresent: Object 'Object Repository/Front Page Objects/h2_Login' is present

2018-05-09 12:00:53 - [MESSAGE][WARNING] - Timeout '0' is invalid. Using default page load timeout: '30'

2018-05-09 12:00:53 - [MESSAGE][PASSED] - Object 'Object Repository/Front Page Objects/h2_Login' is present

2018-05-09 12:00:53 - [TEST_STEP][PASSED] - verifyElementPresent: Object 'Object Repository/Login Objects /div_Username' is present

2018-05-09 12:00:53 - [MESSAGE][WARNING] - Timeout '0' is invalid. Using default page load timeout: '30'

2018-05-09 12:00:53 - [MESSAGE][PASSED] - Object 'Object Repository/Login Objects /div_Username' is present

2018-05-09 12:00:53 - [TEST_STEP][PASSED] - verifyElementPresent: Object 'Object Repository/Login Objects /div_Password' is present

2018-05-09 12:00:53 - [MESSAGE][WARNING] - Timeout '0' is invalid. Using default page load timeout: '30'

2018-05-09 12:00:53 - [MESSAGE][PASSED] - Object 'Object Repository/Login Objects /div_Password' is present

2018-05-09 12:00:53 - [TEST_STEP][PASSED] - verifyElementPresent: Object 'Object Repository/Login Objects /div_Login' is present

2018-05-09 12:00:53 - [MESSAGE][WARNING] - Timeout '0' is invalid. Using default page load timeout: '30'

2018-05-09 12:00:53 - [MESSAGE][PASSED] - Object 'Object Repository/Login Objects /div_Login' is present

2018-05-09 12:00:53 - [TEST_STEP][PASSED] - setText: Text 'admin' is set on object 'Object Repository/Login Objects /input_username'

2018-05-09 12:00:53 - [MESSAGE][PASSED] - Text 'admin' is set on object 'Object Repository/Login Objects /input_username'

2018-05-09 12:00:53 - [TEST_STEP][PASSED] - setText: Text 'admin' is set on object 'Object Repository/Login Objects /input_password'

2018-05-09 12:00:53 - [MESSAGE][PASSED] - Text 'admin' is set on object 'Object Repository/Login Objects /input_password'

2018-05-09 12:00:53 - [TEST_STEP][PASSED] - click: Object: 'Object Repository/Login Objects /button_Login' is clicked on

2018-05-09 12:00:54 - [MESSAGE][PASSED] - Object: 'Object Repository/Login Objects /button_Login' is clicked on

2018-05-09 12:00:54 - [TEST_STEP][PASSED] - verifyElementPresent: Object 'Object Repository/Front Page Objects/div_Products' is present

2018-05-09 12:00:54 - [MESSAGE][WARNING] - Timeout '0' is invalid. Using default page load timeout: '30'

2018-05-09 12:00:55 - [MESSAGE][PASSED] - Object 'Object Repository/Front Page Objects/div_Products' is present

2018-05-09 12:00:55 - [TEST_STEP][PASSED] - click: Object: 'Object Repository/Front Page Objects/a_Total Transaction' is clicked on

2018-05-09 12:00:55 - [MESSAGE][PASSED] - Object: 'Object Repository/Front Page Objects/a_Total Transaction' is clicked on

2018-05-09 12:00:55 - [TEST_STEP][PASSED] - verifyElementPresent: Object 'Object Repository/Front Page Objects/div_Transaction List' is present

2018-05-09 12:00:55 - [MESSAGE][WARNING] - Timeout '0' is invalid. Using default page load timeout: '30'

2018-05-09 12:00:55 - [MESSAGE][PASSED] - Object 'Object Repository/Front Page Objects/div_Transaction List' is present

2018-05-09 12:00:55 - [TEST_STEP][PASSED] - verifyElementPresent: Object 'Object Repository/Product Objects/td_Garden Banana' is present

2018-05-09 12:00:55 - [MESSAGE][WARNING] - Timeout '0' is invalid. Using default page load timeout: '30'

2018-05-09 12:00:55 - [MESSAGE][PASSED] - Object 'Object Repository/Product Objects/td_Garden Banana' is present

2018-05-09 12:00:55 - [TEST_STEP][PASSED] - verifyElementPresent: Object 'Object Repository/Product Objects/td_20150 THB' is present

2018-05-09 12:00:55 - [MESSAGE][WARNING] - Timeout '0' is invalid. Using default page load timeout: '30'

2018-05-09 12:00:55 - [MESSAGE][PASSED] - Object 'Object Repository/Product Objects/td_20150 THB' is present

2018-05-09 12:00:55 - [TEST_STEP][PASSED] - closeBrowser: Browser is closed

2018-05-09 12:00:56 - [MESSAGE][PASSED] - Browser is closed]]></system-out>
         <system-err><![CDATA[]]></system-err>
      </testcase>
      <testcase name="Test Cases/Admin summary page " classname="Test Cases/Admin summary page " status="PASSED">
         <system-out><![CDATA[2018-05-09 12:00:56 - [TEST_CASE][PASSED] - Test Cases/Admin summary page : Test Cases/Admin summary page 

2018-05-09 12:00:56 - [TEST_STEP][PASSED] - openBrowser: Browser is opened with url: ''

2018-05-09 12:00:57 - [MESSAGE][PASSED] - Browser is opened with url: ''

2018-05-09 12:00:57 - [TEST_STEP][PASSED] - navigateToUrl: Navigate to 'http://34.209.48.20:9089/' successfully

2018-05-09 12:01:06 - [MESSAGE][PASSED] - Navigate to 'http://34.209.48.20:9089/' successfully

2018-05-09 12:01:06 - [TEST_STEP][PASSED] - verifyElementPresent: Object 'Object Repository/Front Page Objects/header' is present

2018-05-09 12:01:06 - [MESSAGE][WARNING] - Timeout '0' is invalid. Using default page load timeout: '30'

2018-05-09 12:01:06 - [MESSAGE][PASSED] - Object 'Object Repository/Front Page Objects/header' is present

2018-05-09 12:01:06 - [TEST_STEP][PASSED] - verifyElementPresent: Object 'Object Repository/Front Page Objects/p_header_description' is present

2018-05-09 12:01:06 - [MESSAGE][WARNING] - Timeout '0' is invalid. Using default page load timeout: '30'

2018-05-09 12:01:06 - [MESSAGE][PASSED] - Object 'Object Repository/Front Page Objects/p_header_description' is present

2018-05-09 12:01:06 - [TEST_STEP][PASSED] - verifyElementPresent: Object 'Object Repository/Front Page Objects/h2_Login' is present

2018-05-09 12:01:06 - [MESSAGE][WARNING] - Timeout '0' is invalid. Using default page load timeout: '30'

2018-05-09 12:01:06 - [MESSAGE][PASSED] - Object 'Object Repository/Front Page Objects/h2_Login' is present

2018-05-09 12:01:06 - [TEST_STEP][PASSED] - verifyElementPresent: Object 'Object Repository/Login Objects /div_Username' is present

2018-05-09 12:01:06 - [MESSAGE][WARNING] - Timeout '0' is invalid. Using default page load timeout: '30'

2018-05-09 12:01:06 - [MESSAGE][PASSED] - Object 'Object Repository/Login Objects /div_Username' is present

2018-05-09 12:01:06 - [TEST_STEP][PASSED] - verifyElementPresent: Object 'Object Repository/Login Objects /div_Password' is present

2018-05-09 12:01:06 - [MESSAGE][WARNING] - Timeout '0' is invalid. Using default page load timeout: '30'

2018-05-09 12:01:06 - [MESSAGE][PASSED] - Object 'Object Repository/Login Objects /div_Password' is present

2018-05-09 12:01:06 - [TEST_STEP][PASSED] - verifyElementPresent: Object 'Object Repository/Login Objects /div_Login' is present

2018-05-09 12:01:06 - [MESSAGE][WARNING] - Timeout '0' is invalid. Using default page load timeout: '30'

2018-05-09 12:01:06 - [MESSAGE][PASSED] - Object 'Object Repository/Login Objects /div_Login' is present

2018-05-09 12:01:06 - [TEST_STEP][PASSED] - setText: Text 'admin' is set on object 'Object Repository/Login Objects /input_username'

2018-05-09 12:01:07 - [MESSAGE][PASSED] - Text 'admin' is set on object 'Object Repository/Login Objects /input_username'

2018-05-09 12:01:07 - [TEST_STEP][PASSED] - setText: Text 'admin' is set on object 'Object Repository/Login Objects /input_password'

2018-05-09 12:01:07 - [MESSAGE][PASSED] - Text 'admin' is set on object 'Object Repository/Login Objects /input_password'

2018-05-09 12:01:07 - [TEST_STEP][PASSED] - click: Object: 'Object Repository/Login Objects /button_Login' is clicked on

2018-05-09 12:01:07 - [MESSAGE][PASSED] - Object: 'Object Repository/Login Objects /button_Login' is clicked on

2018-05-09 12:01:07 - [TEST_STEP][PASSED] - verifyElementPresent: Object 'Object Repository/Front Page Objects/div_Products' is present

2018-05-09 12:01:07 - [MESSAGE][WARNING] - Timeout '0' is invalid. Using default page load timeout: '30'

2018-05-09 12:01:08 - [MESSAGE][PASSED] - Object 'Object Repository/Front Page Objects/div_Products' is present

2018-05-09 12:01:08 - [TEST_STEP][PASSED] - click: Object: 'Object Repository/Front Page Objects/a_Total Transaction' is clicked on

2018-05-09 12:01:08 - [MESSAGE][PASSED] - Object: 'Object Repository/Front Page Objects/a_Total Transaction' is clicked on

2018-05-09 12:01:08 - [TEST_STEP][PASSED] - verifyElementPresent: Object 'Object Repository/Front Page Objects/div_Transaction List' is present

2018-05-09 12:01:08 - [MESSAGE][WARNING] - Timeout '0' is invalid. Using default page load timeout: '30'

2018-05-09 12:01:08 - [MESSAGE][PASSED] - Object 'Object Repository/Front Page Objects/div_Transaction List' is present

2018-05-09 12:01:08 - [TEST_STEP][PASSED] - verifyElementPresent: Object 'Object Repository/Admin Summary/th_Transaction ID' is present

2018-05-09 12:01:08 - [MESSAGE][WARNING] - Timeout '0' is invalid. Using default page load timeout: '30'

2018-05-09 12:01:08 - [MESSAGE][PASSED] - Object 'Object Repository/Admin Summary/th_Transaction ID' is present

2018-05-09 12:01:08 - [TEST_STEP][PASSED] - verifyElementPresent: Object 'Object Repository/Admin Summary/th_Products' is present

2018-05-09 12:01:08 - [MESSAGE][WARNING] - Timeout '0' is invalid. Using default page load timeout: '30'

2018-05-09 12:01:08 - [MESSAGE][PASSED] - Object 'Object Repository/Admin Summary/th_Products' is present

2018-05-09 12:01:08 - [TEST_STEP][PASSED] - verifyElementPresent: Object 'Object Repository/Admin Summary/th_1' is present

2018-05-09 12:01:08 - [MESSAGE][WARNING] - Timeout '0' is invalid. Using default page load timeout: '30'

2018-05-09 12:01:09 - [MESSAGE][PASSED] - Object 'Object Repository/Admin Summary/th_1' is present

2018-05-09 12:01:09 - [TEST_STEP][PASSED] - verifyElementPresent: Object 'Object Repository/Admin Summary/td_1' is present

2018-05-09 12:01:09 - [MESSAGE][WARNING] - Timeout '0' is invalid. Using default page load timeout: '30'

2018-05-09 12:01:09 - [MESSAGE][PASSED] - Object 'Object Repository/Admin Summary/td_1' is present

2018-05-09 12:01:09 - [TEST_STEP][PASSED] - verifyElementPresent: Object 'Object Repository/Admin Summary/td_Garden Papaya' is present

2018-05-09 12:01:09 - [MESSAGE][WARNING] - Timeout '0' is invalid. Using default page load timeout: '30'

2018-05-09 12:01:09 - [MESSAGE][PASSED] - Object 'Object Repository/Admin Summary/td_Garden Papaya' is present

2018-05-09 12:01:09 - [TEST_STEP][PASSED] - verifyElementPresent: Object 'Object Repository/Admin Summary/td_20120 THB' is present

2018-05-09 12:01:09 - [MESSAGE][WARNING] - Timeout '0' is invalid. Using default page load timeout: '30'

2018-05-09 12:01:09 - [MESSAGE][PASSED] - Object 'Object Repository/Admin Summary/td_20120 THB' is present

2018-05-09 12:01:09 - [TEST_STEP][PASSED] - verifyElementPresent: Object 'Object Repository/Admin Summary/th_2' is present

2018-05-09 12:01:09 - [MESSAGE][WARNING] - Timeout '0' is invalid. Using default page load timeout: '30'

2018-05-09 12:01:09 - [MESSAGE][PASSED] - Object 'Object Repository/Admin Summary/th_2' is present

2018-05-09 12:01:09 - [TEST_STEP][PASSED] - verifyElementPresent: Object 'Object Repository/Admin Summary/td_2' is present

2018-05-09 12:01:09 - [MESSAGE][WARNING] - Timeout '0' is invalid. Using default page load timeout: '30'

2018-05-09 12:01:09 - [MESSAGE][PASSED] - Object 'Object Repository/Admin Summary/td_2' is present

2018-05-09 12:01:09 - [TEST_STEP][PASSED] - verifyElementPresent: Object 'Object Repository/Admin Summary/td_Banana Garden Banana Rambut' is present

2018-05-09 12:01:09 - [MESSAGE][WARNING] - Timeout '0' is invalid. Using default page load timeout: '30'

2018-05-09 12:01:09 - [MESSAGE][PASSED] - Object 'Object Repository/Admin Summary/td_Banana Garden Banana Rambut' is present

2018-05-09 12:01:09 - [TEST_STEP][PASSED] - verifyElementPresent: Object 'Object Repository/Admin Summary/td_60570 THB' is present

2018-05-09 12:01:09 - [MESSAGE][WARNING] - Timeout '0' is invalid. Using default page load timeout: '30'

2018-05-09 12:01:09 - [MESSAGE][PASSED] - Object 'Object Repository/Admin Summary/td_60570 THB' is present

2018-05-09 12:01:09 - [TEST_STEP][PASSED] - verifyElementPresent: Object 'Object Repository/Admin Summary/strong_Total price' is present

2018-05-09 12:01:09 - [MESSAGE][WARNING] - Timeout '0' is invalid. Using default page load timeout: '30'

2018-05-09 12:01:09 - [MESSAGE][PASSED] - Object 'Object Repository/Admin Summary/strong_Total price' is present

2018-05-09 12:01:09 - [TEST_STEP][PASSED] - closeBrowser: Browser is closed

2018-05-09 12:01:09 - [MESSAGE][PASSED] - Browser is closed]]></system-out>
         <system-err><![CDATA[]]></system-err>
      </testcase>
      <system-out><![CDATA[2018-05-09 11:54:45 - [TEST_SUITE][FAILED] - Data-Driven Tests Suite: Test Cases/User login fail  FAILED because (of) Unable to verify object 'Object Repository/Login Objects /label_Usernamepassword is inco' is present (Root cause: com.kms.katalon.core.webui.exception.WebElementNotFoundException: Web element with id: 'Object Repository/Login Objects /label_Usernamepassword is inco' located by 'By.xpath: //label[(text() = 'Username/password is incorrect' or . = 'Username/password is incorrect')]' not found)]]></system-out>
      <system-err><![CDATA[2018-05-09 11:54:45 - [TEST_SUITE][FAILED] - Data-Driven Tests Suite: Test Cases/User login fail  FAILED because (of) Unable to verify object 'Object Repository/Login Objects /label_Usernamepassword is inco' is present (Root cause: com.kms.katalon.core.webui.exception.WebElementNotFoundException: Web element with id: 'Object Repository/Login Objects /label_Usernamepassword is inco' located by 'By.xpath: //label[(text() = 'Username/password is incorrect' or . = 'Username/password is incorrect')]' not found)]]></system-err>
   </testsuite>
</testsuites>
